$**************  SCADETOC Version 6.4.2 (build i26) **************
** Generation date: 2014-10-20T13:22:56
** Command: scade -code "..\UserApplication\ts05.etp" -node ts05 -conf KCG
*************************************************************$
*** Generated Files Information (GENFIL): KCG- Generated files
 ~kcg.log
  at file E:\GitHub\si-lansab\Satellite\TS05\UserApplication\KCG\kcg.log, line 0, character 0
 ~kcg_s2c_config.txt
  at file E:\GitHub\si-lansab\Satellite\TS05\UserApplication\KCG\kcg_s2c_config.txt, line 0, character 0
 ~kcg_trace.xml
  at file E:\GitHub\si-lansab\Satellite\TS05\UserApplication\KCG\kcg_trace.xml, line 0, character 0
 ~kcg_metrics.txt
  at file E:\GitHub\si-lansab\Satellite\TS05\UserApplication\KCG\kcg_metrics.txt, line 0, character 0
 ~ts05.c
  at file E:\GitHub\si-lansab\Satellite\TS05\UserApplication\KCG\ts05.c, line 0, character 0
 ~ts05.h
  at file E:\GitHub\si-lansab\Satellite\TS05\UserApplication\KCG\ts05.h, line 0, character 0
 ~kcg_types.h
  at file E:\GitHub\si-lansab\Satellite\TS05\UserApplication\KCG\kcg_types.h, line 0, character 0
 ~kcg_consts.h
  at file E:\GitHub\si-lansab\Satellite\TS05\UserApplication\KCG\kcg_consts.h, line 0, character 0
 ~kcg_sensors.h
  at file E:\GitHub\si-lansab\Satellite\TS05\UserApplication\KCG\kcg_sensors.h, line 0, character 0
 ~kcg_types.c
  at file E:\GitHub\si-lansab\Satellite\TS05\UserApplication\KCG\kcg_types.c, line 0, character 0
 ~kcg_consts.c
  at file E:\GitHub\si-lansab\Satellite\TS05\UserApplication\KCG\kcg_consts.c, line 0, character 0
*** Generated Files Information (GENFIL): Code Generator Generated files
 ~sc2c.log
  at file E:\GitHub\si-lansab\Satellite\TS05\UserApplication\KCG\sc2c.log, line 0, character 0
 ~sc2c_integration_files.txt
  at file E:\GitHub\si-lansab\Satellite\TS05\UserApplication\KCG\sc2c_integration_files.txt, line 0, character 0
$**************  SCADETOC Version 6.4.2 (build i26) **************
** Generation date: 2014-10-20T13:22:58
** sc2c.log
*************************************************************$
