$*************** KCG Version 6.1.3 (build i6) ****************
** Command: kcg613.exe -config C:/Paulo/ITA/237/TS02/UserApplication/KCG/config.txt
** Generation date: 2014-09-19T10:39:07
*************************************************************$
$*************** KCG Version 6.1.3 (build i6) ****************
** Command: s2c613 -config C:/Paulo/ITA/237/TS02/UserApplication/KCG\kcg_s2c_config.txt
** Generation date: 2014-09-19T10:39:08
*************************************************************$
*** Semantic Warning (WAR_508): Unused input
  at file C:/Paulo/ITA/237/TS02/UserApplication/KCG\kcg_xml_filter_out.scade, line 69, character 8
  at path OperationalScenario/OpPhases:Ground:_L1/
 The local variable _L1 is never used
*** Semantic Warning (WAR_508): Unused input
  at file C:/Paulo/ITA/237/TS02/UserApplication/KCG\kcg_xml_filter_out.scade, line 102, character 8
  at path OperationalScenario/OpPhases:Launch:_L1/
 The local variable _L1 is never used
*** Semantic Warning (WAR_508): Unused input
  at file C:/Paulo/ITA/237/TS02/UserApplication/KCG\kcg_xml_filter_out.scade, line 104, character 8
  at path OperationalScenario/OpPhases:Launch:_L3/
 The local variable _L3 is never used
*** Semantic Warning (WAR_508): Unused input
  at file C:/Paulo/ITA/237/TS02/UserApplication/KCG\kcg_xml_filter_out.scade, line 165, character 14
  at path OperationalScenario/OpPhases:AttitudeAcquisition:atacquisition:readsensors:_L2/
 The local variable _L2 is never used
*** Semantic Warning (WAR_508): Unused input
  at file C:/Paulo/ITA/237/TS02/UserApplication/KCG\kcg_xml_filter_out.scade, line 185, character 14
  at path OperationalScenario/OpPhases:AttitudeAcquisition:atacquisition:refAttitude:_L10/
 The local variable _L10 is never used
*** Semantic Warning (WAR_508): Unused input
  at file C:/Paulo/ITA/237/TS02/UserApplication/KCG\kcg_xml_filter_out.scade, line 210, character 14
  at path OperationalScenario/OpPhases:AttitudeAcquisition:atacquisition:SafeMode:_L5/
 The local variable _L5 is never used
*** Semantic Warning (WAR_508): Unused input
  at file C:/Paulo/ITA/237/TS02/UserApplication/KCG\kcg_xml_filter_out.scade, line 141, character 8
  at path OperationalScenario/OpPhases:AttitudeAcquisition:RefAtt/
 The local variable RefAtt is never used
*** Semantic Warning (WAR_508): Unused input
  at file C:/Paulo/ITA/237/TS02/UserApplication/KCG\kcg_xml_filter_out.scade, line 142, character 8
  at path OperationalScenario/OpPhases:AttitudeAcquisition:NPhase/
 The local variable NPhase is never used
*** Semantic Warning (WAR_508): Unused input
  at file C:/Paulo/ITA/237/TS02/UserApplication/KCG\kcg_xml_filter_out.scade, line 143, character 8
  at path OperationalScenario/OpPhases:AttitudeAcquisition:_L1/
 The local variable _L1 is never used
*** Semantic Warning (WAR_508): Unused input
  at file C:/Paulo/ITA/237/TS02/UserApplication/KCG\kcg_xml_filter_out.scade, line 268, character 14
  at path OperationalScenario/OpPhases:NormalPhase:NPhase:AttControl:_L1/
 The local variable _L1 is never used
*** Semantic Warning (WAR_508): Unused input
  at file C:/Paulo/ITA/237/TS02/UserApplication/KCG\kcg_xml_filter_out.scade, line 270, character 14
  at path OperationalScenario/OpPhases:NormalPhase:NPhase:AttControl:_L3/
 The local variable _L3 is never used
*** Semantic Warning (WAR_508): Unused input
  at file C:/Paulo/ITA/237/TS02/UserApplication/KCG\kcg_xml_filter_out.scade, line 276, character 14
  at path OperationalScenario/OpPhases:NormalPhase:NPhase:AttControl:_L9/
 The local variable _L9 is never used
*** Semantic Warning (WAR_508): Unused input
  at file C:/Paulo/ITA/237/TS02/UserApplication/KCG\kcg_xml_filter_out.scade, line 298, character 14
  at path OperationalScenario/OpPhases:NormalPhase:NPhase:Payload:_L3/
 The local variable _L3 is never used
*** Semantic Warning (WAR_508): Unused input
  at file C:/Paulo/ITA/237/TS02/UserApplication/KCG\kcg_xml_filter_out.scade, line 332, character 14
  at path OperationalScenario/OpPhases:NormalPhase:NPhase:SafeMode:_L5/
 The local variable _L5 is never used
*** Semantic Warning (WAR_508): Unused input
  at file C:/Paulo/ITA/237/TS02/UserApplication/KCG\kcg_xml_filter_out.scade, line 35, character 2
  at path OperationalScenario/AtAcquisition/
 The local variable AtAcquisition is never used
*** Semantic Warning (WAR_508): Unused input
  at file C:/Paulo/ITA/237/TS02/UserApplication/KCG\kcg_xml_filter_out.scade, line 36, character 2
  at path OperationalScenario/NPhase/
 The local variable NPhase is never used
*** Semantic Warning (WAR_151):  Internal state expected
  at file C:/Paulo/ITA/237/TS02/UserApplication/KCG\kcg_xml_filter_out.scade, line 480, character 5
  at path upDateSw/
 Node upDateSw has no internal state
 (it should probably be declared as a function)
*** Semantic Warning (WAR_151):  Internal state expected
  at file C:/Paulo/ITA/237/TS02/UserApplication/KCG\kcg_xml_filter_out.scade, line 462, character 5
  at path controlAlgorithm/
 Node controlAlgorithm has no internal state
 (it should probably be declared as a function)
*** Semantic Warning (WAR_151):  Internal state expected
  at file C:/Paulo/ITA/237/TS02/UserApplication/KCG\kcg_xml_filter_out.scade, line 408, character 5
  at path ReadSensors/
 Node ReadSensors has no internal state
 (it should probably be declared as a function)
*** Semantic Warning (WAR_151):  Internal state expected
  at file C:/Paulo/ITA/237/TS02/UserApplication/KCG\kcg_xml_filter_out.scade, line 444, character 5
  at path TakePicture/
 Node TakePicture has no internal state
 (it should probably be declared as a function)
*** Semantic Warning (WAR_151):  Internal state expected
  at file C:/Paulo/ITA/237/TS02/UserApplication/KCG\kcg_xml_filter_out.scade, line 426, character 5
  at path TestActuators/
 Node TestActuators has no internal state
 (it should probably be declared as a function)
21 warnings were found
$*************** KCG Version 6.1.3 (build i6) ****************
** s2c.log
** Generation date: 2014-09-19T10:39:11
*************************************************************$
$*************** KCG Version 6.1.3 (build i6) ****************
** C:/Paulo/ITA/237/TS02/UserApplication/KCG\kcg.log
** Generation date: 2014-09-19T10:39:11
*************************************************************$
