
C:\ITA\TS02_2Sprint\UserApplication\KCG>"C:/Program Files (x86)/Esterel Technologies/Esterel SCADE 6.4.2/SCADE/bin/uaadaptor.exe"  -d "C:\ITA\TS02_2Sprint\DefinitionFile\SatelliteControlCommunication_DF.sgfx" -n "C:/Program Files (x86)/Esterel Technologies/Esterel SCADE 6.4.2/SCADE/bin/../../SCADE Display/config/Workspace/environments/UAPageCreator/A661Norm/a661.xml" -outdir "C:/ITA/TS02_2Sprint/UserApplication/KCG" -k "C:/ITA/TS02_2Sprint/UserApplication/KCG/kcg_trace.xml" -o "OperationalScenario_UA_1" -node OperationalScenario  "C:\ITA\TS02_2Sprint\UserApplication\missionPhases.sdy" 
I0001: SCADE Suite UA Adaptor Version 6.4.2 (build i25) (c) Esterel Technologies SA 2012-2013 started at 2014-11-23T22:42:35.
I0005: Command line: "C:/Program Files (x86)/Esterel Technologies/Esterel SCADE 6.4.2/SCADE/bin/uaadaptor.exe" -d C:\ITA\TS02_2Sprint\DefinitionFile\SatelliteControlCommunication_DF.sgfx -n "C:/Program Files (x86)/Esterel Technologies/Esterel SCADE 6.4.2/SCADE/bin/../../SCADE Display/config/Workspace/environments/UAPageCreator/A661Norm/a661.xml" -outdir C:/ITA/TS02_2Sprint/UserApplication/KCG -k C:/ITA/TS02_2Sprint/UserApplication/KCG/kcg_trace.xml -o OperationalScenario_UA_1 -node OperationalScenario C:\ITA\TS02_2Sprint\UserApplication\missionPhases.sdy
I0006: Generated file: <log> : C:/ITA/TS02_2Sprint/UserApplication/KCG\OperationalScenario_UA_1.log
I0007: Input file: C:/Program Files (x86)/Esterel Technologies/Esterel SCADE 6.4.2/SCADE/bin/../../SCADE Display/config/Workspace/environments/UAPageCreator/A661Norm/a661.xml
I0007: Input file: C:/Program Files (x86)/Esterel Technologies/Esterel SCADE 6.4.2/SCADE/bin/../../SCADE Display/config/Workspace/environments/UAPageCreator/A661Norm\const.xml
I0007: Input file: C:/Program Files (x86)/Esterel Technologies/Esterel SCADE 6.4.2/SCADE/bin/../../SCADE Display/config/Workspace/environments/UAPageCreator/A661Norm\type.xml
I0007: Input file: C:/Program Files (x86)/Esterel Technologies/Esterel SCADE 6.4.2/SCADE/bin/../../SCADE Display/config/Workspace/environments/UAPageCreator/A661Norm\a661hierarchy.xml
I0007: Input file: C:/Program Files (x86)/Esterel Technologies/Esterel SCADE 6.4.2/SCADE/bin/../../SCADE Display/config/Workspace/environments/UAPageCreator/A661Norm\a661layer.xml
I0007: Input file: C:/Program Files (x86)/Esterel Technologies/Esterel SCADE 6.4.2/SCADE/bin/../../SCADE Display/config/Workspace/environments/UAPageCreator/A661Norm\BasicContainer.xml
I0007: Input file: C:/Program Files (x86)/Esterel Technologies/Esterel SCADE 6.4.2/SCADE/bin/../../SCADE Display/config/Workspace/environments/UAPageCreator/A661Norm\BlinkingContainer.xml
I0007: Input file: C:/Program Files (x86)/Esterel Technologies/Esterel SCADE 6.4.2/SCADE/bin/../../SCADE Display/config/Workspace/environments/UAPageCreator/A661Norm\RotationContainer.xml
I0007: Input file: C:/Program Files (x86)/Esterel Technologies/Esterel SCADE 6.4.2/SCADE/bin/../../SCADE Display/config/Workspace/environments/UAPageCreator/A661Norm\TranslationContainer.xml
I0007: Input file: C:/Program Files (x86)/Esterel Technologies/Esterel SCADE 6.4.2/SCADE/bin/../../SCADE Display/config/Workspace/environments/UAPageCreator/A661Norm\MaskContainer.xml
I0007: Input file: C:/Program Files (x86)/Esterel Technologies/Esterel SCADE 6.4.2/SCADE/bin/../../SCADE Display/config/Workspace/environments/UAPageCreator/A661Norm\MutuallyExclusiveContainer.xml
I0007: Input file: C:/Program Files (x86)/Esterel Technologies/Esterel SCADE 6.4.2/SCADE/bin/../../SCADE Display/config/Workspace/environments/UAPageCreator/A661Norm\Panel.xml
I0007: Input file: C:/Program Files (x86)/Esterel Technologies/Esterel SCADE 6.4.2/SCADE/bin/../../SCADE Display/config/Workspace/environments/UAPageCreator/A661Norm\PopUpPanel.xml
I0007: Input file: C:/Program Files (x86)/Esterel Technologies/Esterel SCADE 6.4.2/SCADE/bin/../../SCADE Display/config/Workspace/environments/UAPageCreator/A661Norm\PopUpPanelButton.xml
I0007: Input file: C:/Program Files (x86)/Esterel Technologies/Esterel SCADE 6.4.2/SCADE/bin/../../SCADE Display/config/Workspace/environments/UAPageCreator/A661Norm\ScrollPanel.xml
I0007: Input file: C:/Program Files (x86)/Esterel Technologies/Esterel SCADE 6.4.2/SCADE/bin/../../SCADE Display/config/Workspace/environments/UAPageCreator/A661Norm\RadioBox.xml
I0007: Input file: C:/Program Files (x86)/Esterel Technologies/Esterel SCADE 6.4.2/SCADE/bin/../../SCADE Display/config/Workspace/environments/UAPageCreator/A661Norm\TabbedPanelGroup.xml
I0007: Input file: C:/Program Files (x86)/Esterel Technologies/Esterel SCADE 6.4.2/SCADE/bin/../../SCADE Display/config/Workspace/environments/UAPageCreator/A661Norm\TabbedPanel.xml
I0007: Input file: C:/Program Files (x86)/Esterel Technologies/Esterel SCADE 6.4.2/SCADE/bin/../../SCADE Display/config/Workspace/environments/UAPageCreator/A661Norm\MenuBar.xml
I0007: Input file: C:/Program Files (x86)/Esterel Technologies/Esterel SCADE 6.4.2/SCADE/bin/../../SCADE Display/config/Workspace/environments/UAPageCreator/A661Norm\SizeToFitContainer.xml
I0007: Input file: C:/Program Files (x86)/Esterel Technologies/Esterel SCADE 6.4.2/SCADE/bin/../../SCADE Display/config/Workspace/environments/UAPageCreator/A661Norm\ShuffleToFitContainer.xml
I0007: Input file: C:/Program Files (x86)/Esterel Technologies/Esterel SCADE 6.4.2/SCADE/bin/../../SCADE Display/config/Workspace/environments/UAPageCreator/A661Norm\WatchdogContainer.xml
I0007: Input file: C:/Program Files (x86)/Esterel Technologies/Esterel SCADE 6.4.2/SCADE/bin/../../SCADE Display/config/Workspace/environments/UAPageCreator/A661Norm\ActiveArea.xml
I0007: Input file: C:/Program Files (x86)/Esterel Technologies/Esterel SCADE 6.4.2/SCADE/bin/../../SCADE Display/config/Workspace/environments/UAPageCreator/A661Norm\CursorOver.xml
I0007: Input file: C:/Program Files (x86)/Esterel Technologies/Esterel SCADE 6.4.2/SCADE/bin/../../SCADE Display/config/Workspace/environments/UAPageCreator/A661Norm\CursorPosOverlay.xml
I0007: Input file: C:/Program Files (x86)/Esterel Technologies/Esterel SCADE 6.4.2/SCADE/bin/../../SCADE Display/config/Workspace/environments/UAPageCreator/A661Norm\CheckButton.xml
I0007: Input file: C:/Program Files (x86)/Esterel Technologies/Esterel SCADE 6.4.2/SCADE/bin/../../SCADE Display/config/Workspace/environments/UAPageCreator/A661Norm\EditBoxText.xml
I0007: Input file: C:/Program Files (x86)/Esterel Technologies/Esterel SCADE 6.4.2/SCADE/bin/../../SCADE Display/config/Workspace/environments/UAPageCreator/A661Norm\EditBoxNumeric.xml
I0007: Input file: C:/Program Files (x86)/Esterel Technologies/Esterel SCADE 6.4.2/SCADE/bin/../../SCADE Display/config/Workspace/environments/UAPageCreator/A661Norm\EditBoxNumericBCD.xml
I0007: Input file: C:/Program Files (x86)/Esterel Technologies/Esterel SCADE 6.4.2/SCADE/bin/../../SCADE Display/config/Workspace/environments/UAPageCreator/A661Norm\EditBoxMasked.xml
I0007: Input file: C:/Program Files (x86)/Esterel Technologies/Esterel SCADE 6.4.2/SCADE/bin/../../SCADE Display/config/Workspace/environments/UAPageCreator/A661Norm\EditBoxMultiLine.xml
I0007: Input file: C:/Program Files (x86)/Esterel Technologies/Esterel SCADE 6.4.2/SCADE/bin/../../SCADE Display/config/Workspace/environments/UAPageCreator/A661Norm\PushButton.xml
I0007: Input file: C:/Program Files (x86)/Esterel Technologies/Esterel SCADE 6.4.2/SCADE/bin/../../SCADE Display/config/Workspace/environments/UAPageCreator/A661Norm\PicturePushButton.xml
I0007: Input file: C:/Program Files (x86)/Esterel Technologies/Esterel SCADE 6.4.2/SCADE/bin/../../SCADE Display/config/Workspace/environments/UAPageCreator/A661Norm\SymbolPushButton.xml
I0007: Input file: C:/Program Files (x86)/Esterel Technologies/Esterel SCADE 6.4.2/SCADE/bin/../../SCADE Display/config/Workspace/environments/UAPageCreator/A661Norm\ToggleButton.xml
I0007: Input file: C:/Program Files (x86)/Esterel Technologies/Esterel SCADE 6.4.2/SCADE/bin/../../SCADE Display/config/Workspace/environments/UAPageCreator/A661Norm\PictureToggleButton.xml
I0007: Input file: C:/Program Files (x86)/Esterel Technologies/Esterel SCADE 6.4.2/SCADE/bin/../../SCADE Display/config/Workspace/environments/UAPageCreator/A661Norm\SymbolToggleButton.xml
I0007: Input file: C:/Program Files (x86)/Esterel Technologies/Esterel SCADE 6.4.2/SCADE/bin/../../SCADE Display/config/Workspace/environments/UAPageCreator/A661Norm\ComboBox.xml
I0007: Input file: C:/Program Files (x86)/Esterel Technologies/Esterel SCADE 6.4.2/SCADE/bin/../../SCADE Display/config/Workspace/environments/UAPageCreator/A661Norm\ComboBoxEdit.xml
I0007: Input file: C:/Program Files (x86)/Esterel Technologies/Esterel SCADE 6.4.2/SCADE/bin/../../SCADE Display/config/Workspace/environments/UAPageCreator/A661Norm\SelectionListButton.xml
I0007: Input file: C:/Program Files (x86)/Esterel Technologies/Esterel SCADE 6.4.2/SCADE/bin/../../SCADE Display/config/Workspace/environments/UAPageCreator/A661Norm\PopUpMenu.xml
I0007: Input file: C:/Program Files (x86)/Esterel Technologies/Esterel SCADE 6.4.2/SCADE/bin/../../SCADE Display/config/Workspace/environments/UAPageCreator/A661Norm\PopUpMenuButton.xml
I0007: Input file: C:/Program Files (x86)/Esterel Technologies/Esterel SCADE 6.4.2/SCADE/bin/../../SCADE Display/config/Workspace/environments/UAPageCreator/A661Norm\ScrollList.xml
I0007: Input file: C:/Program Files (x86)/Esterel Technologies/Esterel SCADE 6.4.2/SCADE/bin/../../SCADE Display/config/Workspace/environments/UAPageCreator/A661Norm\Slider.xml
I0007: Input file: C:/Program Files (x86)/Esterel Technologies/Esterel SCADE 6.4.2/SCADE/bin/../../SCADE Display/config/Workspace/environments/UAPageCreator/A661Norm\GpArcCircle.xml
I0007: Input file: C:/Program Files (x86)/Esterel Technologies/Esterel SCADE 6.4.2/SCADE/bin/../../SCADE Display/config/Workspace/environments/UAPageCreator/A661Norm\GpArcEllipse.xml
I0007: Input file: C:/Program Files (x86)/Esterel Technologies/Esterel SCADE 6.4.2/SCADE/bin/../../SCADE Display/config/Workspace/environments/UAPageCreator/A661Norm\GpCrown.xml
I0007: Input file: C:/Program Files (x86)/Esterel Technologies/Esterel SCADE 6.4.2/SCADE/bin/../../SCADE Display/config/Workspace/environments/UAPageCreator/A661Norm\GpLine.xml
I0007: Input file: C:/Program Files (x86)/Esterel Technologies/Esterel SCADE 6.4.2/SCADE/bin/../../SCADE Display/config/Workspace/environments/UAPageCreator/A661Norm\GpLinePolar.xml
I0007: Input file: C:/Program Files (x86)/Esterel Technologies/Esterel SCADE 6.4.2/SCADE/bin/../../SCADE Display/config/Workspace/environments/UAPageCreator/A661Norm\GpRectangle.xml
I0007: Input file: C:/Program Files (x86)/Esterel Technologies/Esterel SCADE 6.4.2/SCADE/bin/../../SCADE Display/config/Workspace/environments/UAPageCreator/A661Norm\GpTriangle.xml
I0007: Input file: C:/Program Files (x86)/Esterel Technologies/Esterel SCADE 6.4.2/SCADE/bin/../../SCADE Display/config/Workspace/environments/UAPageCreator/A661Norm\Label.xml
I0007: Input file: C:/Program Files (x86)/Esterel Technologies/Esterel SCADE 6.4.2/SCADE/bin/../../SCADE Display/config/Workspace/environments/UAPageCreator/A661Norm\LabelComplex.xml
I0007: Input file: C:/Program Files (x86)/Esterel Technologies/Esterel SCADE 6.4.2/SCADE/bin/../../SCADE Display/config/Workspace/environments/UAPageCreator/A661Norm\Picture.xml
I0007: Input file: C:/Program Files (x86)/Esterel Technologies/Esterel SCADE 6.4.2/SCADE/bin/../../SCADE Display/config/Workspace/environments/UAPageCreator/A661Norm\PictureAnimated.xml
I0007: Input file: C:/Program Files (x86)/Esterel Technologies/Esterel SCADE 6.4.2/SCADE/bin/../../SCADE Display/config/Workspace/environments/UAPageCreator/A661Norm\Symbol.xml
I0007: Input file: C:/Program Files (x86)/Esterel Technologies/Esterel SCADE 6.4.2/SCADE/bin/../../SCADE Display/config/Workspace/environments/UAPageCreator/A661Norm\SymbolAnimated.xml
I0007: Input file: C:/Program Files (x86)/Esterel Technologies/Esterel SCADE 6.4.2/SCADE/bin/../../SCADE Display/config/Workspace/environments/UAPageCreator/A661Norm\MapHorz.xml
I0007: Input file: C:/Program Files (x86)/Esterel Technologies/Esterel SCADE 6.4.2/SCADE/bin/../../SCADE Display/config/Workspace/environments/UAPageCreator/A661Norm\MapHorz_Source.xml
I0007: Input file: C:/Program Files (x86)/Esterel Technologies/Esterel SCADE 6.4.2/SCADE/bin/../../SCADE Display/config/Workspace/environments/UAPageCreator/A661Norm\MapHorz_ItemList.xml
I0007: Input file: <UAADAPTOR msg> : C:/Program Files (x86)/Esterel Technologies/Esterel SCADE 6.4.2/SCADE/bin/../../SCADE Display/config/Workspace/environments/UAPageCreator/A661Norm\uaadaptor/MapHorz_ItemList_BufferOfMapItems.xml
I0007: Input file: C:/Program Files (x86)/Esterel Technologies/Esterel SCADE 6.4.2/SCADE/bin/../../SCADE Display/config/Workspace/environments/UAPageCreator/A661Norm\MapVert.xml
I0007: Input file: C:/Program Files (x86)/Esterel Technologies/Esterel SCADE 6.4.2/SCADE/bin/../../SCADE Display/config/Workspace/environments/UAPageCreator/A661Norm\MapVert_ItemList.xml
I0007: Input file: <UAADAPTOR msg> : C:/Program Files (x86)/Esterel Technologies/Esterel SCADE 6.4.2/SCADE/bin/../../SCADE Display/config/Workspace/environments/UAPageCreator/A661Norm\uaadaptor/MapVert_ItemList_BufferOfItems.xml
I0007: Input file: C:/Program Files (x86)/Esterel Technologies/Esterel SCADE 6.4.2/SCADE/bin/../../SCADE Display/config/Workspace/environments/UAPageCreator/A661Norm\MapVert_Source.xml
I0007: Input file: C:/Program Files (x86)/Esterel Technologies/Esterel SCADE 6.4.2/SCADE/bin/../../SCADE Display/config/Workspace/environments/UAPageCreator/A661Norm\MapGrid.xml
I0007: Input file: <UAADAPTOR msg> : C:/Program Files (x86)/Esterel Technologies/Esterel SCADE 6.4.2/SCADE/bin/../../SCADE Display/config/Workspace/environments/UAPageCreator/A661Norm\uaadaptor/MapGrid_bufferOfFillStyles.xml
I0007: Input file: C:/Program Files (x86)/Esterel Technologies/Esterel SCADE 6.4.2/SCADE/bin/../../SCADE Display/config/Workspace/environments/UAPageCreator/A661Norm\BufferFormat.xml
I0007: Input file: C:/Program Files (x86)/Esterel Technologies/Esterel SCADE 6.4.2/SCADE/bin/../../SCADE Display/config/Workspace/environments/UAPageCreator/A661Norm\Connector.xml
I0007: Input file: C:/Program Files (x86)/Esterel Technologies/Esterel SCADE 6.4.2/SCADE/bin/../../SCADE Display/config/Workspace/environments/UAPageCreator/A661Norm\CursorRef.xml
I0007: Input file: C:/Program Files (x86)/Esterel Technologies/Esterel SCADE 6.4.2/SCADE/bin/../../SCADE Display/config/Workspace/environments/UAPageCreator/A661Norm\ExternalSource.xml
I0007: Input file: C:/Program Files (x86)/Esterel Technologies/Esterel SCADE 6.4.2/SCADE/bin/../../SCADE Display/config/Workspace/environments/UAPageCreator/A661Norm\FocusIn.xml
I0007: Input file: C:/Program Files (x86)/Esterel Technologies/Esterel SCADE 6.4.2/SCADE/bin/../../SCADE Display/config/Workspace/environments/UAPageCreator/A661Norm\FocusOut.xml
I0007: Input file: C:/Program Files (x86)/Esterel Technologies/Esterel SCADE 6.4.2/SCADE/bin/../../SCADE Display/config/Workspace/environments/UAPageCreator/A661Norm\FocusLink.xml
I0007: Input file: C:/Program Files (x86)/Esterel Technologies/Esterel SCADE 6.4.2/SCADE/bin/../../SCADE Display/config/Workspace/environments/UAPageCreator/A661Norm\ProxyButton.xml
I0007: Input file: <mapping> : C:\ITA\TS02_2Sprint\UserApplication\missionPhases.sdy
I0007: Input file: C:\ITA\TS02_2Sprint\DefinitionFile\SatelliteControlCommunication_DF.sgfx
I0007: Input file: <scade: kcg_trace.xml> : C:/ITA/TS02_2Sprint/UserApplication/KCG/kcg_trace.xml
I0006: Generated file: <.c> : C:/ITA/TS02_2Sprint/UserApplication/KCG\OperationalScenario_UA_1.c
I0006: Generated file: <.h> : C:/ITA/TS02_2Sprint/UserApplication/KCG\OperationalScenario_UA_1.h
I0808: [SUCCESSFUL]
I0006: Generated file: C:/ITA/TS02_2Sprint/UserApplication/KCG\OperationalScenario_UA_1.log
I0002: SCADE Suite UA Adaptor finished with 0 error(s) at 2014-11-23T22:42:39.
        1 file(s) moved.

C:\ITA\TS02_2Sprint\UserApplication\KCG>"C:/Program Files (x86)/Esterel Technologies/Esterel SCADE 6.4.2/SCADE Display/../SCADE A661/bin/dfgen.exe" -n "C:/Program Files (x86)/Esterel Technologies/Esterel SCADE 6.4.2/SCADE/bin/../../SCADE Display/config/Workspace/environments/UAPageCreator/A661Norm/a661.xml" -outdir "C:/ITA/TS02_2Sprint/UserApplication/KCG" -o "OperationalScenario_UA_1"  "C:\ITA\TS02_2Sprint\DefinitionFile\SatelliteControlCommunication_DF.sgfx" 
I0001: SCADE UA DF Generator Version 6.4.2 (build i27) (c) Esterel Technologies SA 2011-2013 started at 2014-11-23T22:42:41.
I0005: Command line: "C:/Program Files (x86)/Esterel Technologies/Esterel SCADE 6.4.2/SCADE Display/../SCADE A661/bin/dfgen.exe" -n "C:/Program Files (x86)/Esterel Technologies/Esterel SCADE 6.4.2/SCADE/bin/../../SCADE Display/config/Workspace/environments/UAPageCreator/A661Norm/a661.xml" -outdir C:/ITA/TS02_2Sprint/UserApplication/KCG -o OperationalScenario_UA_1 C:\ITA\TS02_2Sprint\DefinitionFile\SatelliteControlCommunication_DF.sgfx
I0007: Input file: C:\Program Files (x86)\Esterel Technologies\Esterel SCADE 6.4.2\SCADE Display\config\Workspace\environments\UAPageCreator\A661Norm\a661.xml
I0007: Input file: C:\Program Files (x86)\Esterel Technologies\Esterel SCADE 6.4.2\SCADE Display\config\Workspace\environments\UAPageCreator\A661Norm\const.xml
I0007: Input file: C:\Program Files (x86)\Esterel Technologies\Esterel SCADE 6.4.2\SCADE Display\config\Workspace\environments\UAPageCreator\A661Norm\type.xml
I0007: Input file: C:\Program Files (x86)\Esterel Technologies\Esterel SCADE 6.4.2\SCADE Display\config\Workspace\environments\UAPageCreator\A661Norm\a661hierarchy.xml
I0007: Input file: C:\Program Files (x86)\Esterel Technologies\Esterel SCADE 6.4.2\SCADE Display\config\Workspace\environments\UAPageCreator\A661Norm\a661layer.xml
I0007: Input file: C:\Program Files (x86)\Esterel Technologies\Esterel SCADE 6.4.2\SCADE Display\config\Workspace\environments\UAPageCreator\A661Norm\BasicContainer.xml
I0007: Input file: C:\Program Files (x86)\Esterel Technologies\Esterel SCADE 6.4.2\SCADE Display\config\Workspace\environments\UAPageCreator\A661Norm\BlinkingContainer.xml
I0007: Input file: C:\Program Files (x86)\Esterel Technologies\Esterel SCADE 6.4.2\SCADE Display\config\Workspace\environments\UAPageCreator\A661Norm\RotationContainer.xml
I0007: Input file: C:\Program Files (x86)\Esterel Technologies\Esterel SCADE 6.4.2\SCADE Display\config\Workspace\environments\UAPageCreator\A661Norm\TranslationContainer.xml
I0007: Input file: C:\Program Files (x86)\Esterel Technologies\Esterel SCADE 6.4.2\SCADE Display\config\Workspace\environments\UAPageCreator\A661Norm\MaskContainer.xml
I0007: Input file: C:\Program Files (x86)\Esterel Technologies\Esterel SCADE 6.4.2\SCADE Display\config\Workspace\environments\UAPageCreator\A661Norm\MutuallyExclusiveContainer.xml
I0007: Input file: C:\Program Files (x86)\Esterel Technologies\Esterel SCADE 6.4.2\SCADE Display\config\Workspace\environments\UAPageCreator\A661Norm\Panel.xml
I0007: Input file: C:\Program Files (x86)\Esterel Technologies\Esterel SCADE 6.4.2\SCADE Display\config\Workspace\environments\UAPageCreator\A661Norm\PopUpPanel.xml
I0007: Input file: C:\Program Files (x86)\Esterel Technologies\Esterel SCADE 6.4.2\SCADE Display\config\Workspace\environments\UAPageCreator\A661Norm\PopUpPanelButton.xml
I0007: Input file: C:\Program Files (x86)\Esterel Technologies\Esterel SCADE 6.4.2\SCADE Display\config\Workspace\environments\UAPageCreator\A661Norm\ScrollPanel.xml
I0007: Input file: C:\Program Files (x86)\Esterel Technologies\Esterel SCADE 6.4.2\SCADE Display\config\Workspace\environments\UAPageCreator\A661Norm\RadioBox.xml
I0007: Input file: C:\Program Files (x86)\Esterel Technologies\Esterel SCADE 6.4.2\SCADE Display\config\Workspace\environments\UAPageCreator\A661Norm\TabbedPanelGroup.xml
I0007: Input file: C:\Program Files (x86)\Esterel Technologies\Esterel SCADE 6.4.2\SCADE Display\config\Workspace\environments\UAPageCreator\A661Norm\TabbedPanel.xml
I0007: Input file: C:\Program Files (x86)\Esterel Technologies\Esterel SCADE 6.4.2\SCADE Display\config\Workspace\environments\UAPageCreator\A661Norm\MenuBar.xml
I0007: Input file: C:\Program Files (x86)\Esterel Technologies\Esterel SCADE 6.4.2\SCADE Display\config\Workspace\environments\UAPageCreator\A661Norm\SizeToFitContainer.xml
I0007: Input file: C:\Program Files (x86)\Esterel Technologies\Esterel SCADE 6.4.2\SCADE Display\config\Workspace\environments\UAPageCreator\A661Norm\ShuffleToFitContainer.xml
I0007: Input file: C:\Program Files (x86)\Esterel Technologies\Esterel SCADE 6.4.2\SCADE Display\config\Workspace\environments\UAPageCreator\A661Norm\WatchdogContainer.xml
I0007: Input file: C:\Program Files (x86)\Esterel Technologies\Esterel SCADE 6.4.2\SCADE Display\config\Workspace\environments\UAPageCreator\A661Norm\ActiveArea.xml
I0007: Input file: C:\Program Files (x86)\Esterel Technologies\Esterel SCADE 6.4.2\SCADE Display\config\Workspace\environments\UAPageCreator\A661Norm\CursorOver.xml
I0007: Input file: C:\Program Files (x86)\Esterel Technologies\Esterel SCADE 6.4.2\SCADE Display\config\Workspace\environments\UAPageCreator\A661Norm\CursorPosOverlay.xml
I0007: Input file: C:\Program Files (x86)\Esterel Technologies\Esterel SCADE 6.4.2\SCADE Display\config\Workspace\environments\UAPageCreator\A661Norm\CheckButton.xml
I0007: Input file: C:\Program Files (x86)\Esterel Technologies\Esterel SCADE 6.4.2\SCADE Display\config\Workspace\environments\UAPageCreator\A661Norm\EditBoxText.xml
I0007: Input file: C:\Program Files (x86)\Esterel Technologies\Esterel SCADE 6.4.2\SCADE Display\config\Workspace\environments\UAPageCreator\A661Norm\EditBoxNumeric.xml
I0007: Input file: C:\Program Files (x86)\Esterel Technologies\Esterel SCADE 6.4.2\SCADE Display\config\Workspace\environments\UAPageCreator\A661Norm\EditBoxNumericBCD.xml
I0007: Input file: C:\Program Files (x86)\Esterel Technologies\Esterel SCADE 6.4.2\SCADE Display\config\Workspace\environments\UAPageCreator\A661Norm\EditBoxMasked.xml
I0007: Input file: C:\Program Files (x86)\Esterel Technologies\Esterel SCADE 6.4.2\SCADE Display\config\Workspace\environments\UAPageCreator\A661Norm\EditBoxMultiLine.xml
I0007: Input file: C:\Program Files (x86)\Esterel Technologies\Esterel SCADE 6.4.2\SCADE Display\config\Workspace\environments\UAPageCreator\A661Norm\PushButton.xml
I0007: Input file: C:\Program Files (x86)\Esterel Technologies\Esterel SCADE 6.4.2\SCADE Display\config\Workspace\environments\UAPageCreator\A661Norm\PicturePushButton.xml
I0007: Input file: C:\Program Files (x86)\Esterel Technologies\Esterel SCADE 6.4.2\SCADE Display\config\Workspace\environments\UAPageCreator\A661Norm\SymbolPushButton.xml
I0007: Input file: C:\Program Files (x86)\Esterel Technologies\Esterel SCADE 6.4.2\SCADE Display\config\Workspace\environments\UAPageCreator\A661Norm\ToggleButton.xml
I0007: Input file: C:\Program Files (x86)\Esterel Technologies\Esterel SCADE 6.4.2\SCADE Display\config\Workspace\environments\UAPageCreator\A661Norm\PictureToggleButton.xml
I0007: Input file: C:\Program Files (x86)\Esterel Technologies\Esterel SCADE 6.4.2\SCADE Display\config\Workspace\environments\UAPageCreator\A661Norm\SymbolToggleButton.xml
I0007: Input file: C:\Program Files (x86)\Esterel Technologies\Esterel SCADE 6.4.2\SCADE Display\config\Workspace\environments\UAPageCreator\A661Norm\ComboBox.xml
I0007: Input file: C:\Program Files (x86)\Esterel Technologies\Esterel SCADE 6.4.2\SCADE Display\config\Workspace\environments\UAPageCreator\A661Norm\ComboBoxEdit.xml
I0007: Input file: C:\Program Files (x86)\Esterel Technologies\Esterel SCADE 6.4.2\SCADE Display\config\Workspace\environments\UAPageCreator\A661Norm\SelectionListButton.xml
I0007: Input file: C:\Program Files (x86)\Esterel Technologies\Esterel SCADE 6.4.2\SCADE Display\config\Workspace\environments\UAPageCreator\A661Norm\PopUpMenu.xml
I0007: Input file: C:\Program Files (x86)\Esterel Technologies\Esterel SCADE 6.4.2\SCADE Display\config\Workspace\environments\UAPageCreator\A661Norm\PopUpMenuButton.xml
I0007: Input file: C:\Program Files (x86)\Esterel Technologies\Esterel SCADE 6.4.2\SCADE Display\config\Workspace\environments\UAPageCreator\A661Norm\ScrollList.xml
I0007: Input file: C:\Program Files (x86)\Esterel Technologies\Esterel SCADE 6.4.2\SCADE Display\config\Workspace\environments\UAPageCreator\A661Norm\Slider.xml
I0007: Input file: C:\Program Files (x86)\Esterel Technologies\Esterel SCADE 6.4.2\SCADE Display\config\Workspace\environments\UAPageCreator\A661Norm\GpArcCircle.xml
I0007: Input file: C:\Program Files (x86)\Esterel Technologies\Esterel SCADE 6.4.2\SCADE Display\config\Workspace\environments\UAPageCreator\A661Norm\GpArcEllipse.xml
I0007: Input file: C:\Program Files (x86)\Esterel Technologies\Esterel SCADE 6.4.2\SCADE Display\config\Workspace\environments\UAPageCreator\A661Norm\GpCrown.xml
I0007: Input file: C:\Program Files (x86)\Esterel Technologies\Esterel SCADE 6.4.2\SCADE Display\config\Workspace\environments\UAPageCreator\A661Norm\GpLine.xml
I0007: Input file: C:\Program Files (x86)\Esterel Technologies\Esterel SCADE 6.4.2\SCADE Display\config\Workspace\environments\UAPageCreator\A661Norm\GpLinePolar.xml
I0007: Input file: C:\Program Files (x86)\Esterel Technologies\Esterel SCADE 6.4.2\SCADE Display\config\Workspace\environments\UAPageCreator\A661Norm\GpRectangle.xml
I0007: Input file: C:\Program Files (x86)\Esterel Technologies\Esterel SCADE 6.4.2\SCADE Display\config\Workspace\environments\UAPageCreator\A661Norm\GpTriangle.xml
I0007: Input file: C:\Program Files (x86)\Esterel Technologies\Esterel SCADE 6.4.2\SCADE Display\config\Workspace\environments\UAPageCreator\A661Norm\Label.xml
I0007: Input file: C:\Program Files (x86)\Esterel Technologies\Esterel SCADE 6.4.2\SCADE Display\config\Workspace\environments\UAPageCreator\A661Norm\LabelComplex.xml
I0007: Input file: C:\Program Files (x86)\Esterel Technologies\Esterel SCADE 6.4.2\SCADE Display\config\Workspace\environments\UAPageCreator\A661Norm\Picture.xml
I0007: Input file: C:\Program Files (x86)\Esterel Technologies\Esterel SCADE 6.4.2\SCADE Display\config\Workspace\environments\UAPageCreator\A661Norm\PictureAnimated.xml
I0007: Input file: C:\Program Files (x86)\Esterel Technologies\Esterel SCADE 6.4.2\SCADE Display\config\Workspace\environments\UAPageCreator\A661Norm\Symbol.xml
I0007: Input file: C:\Program Files (x86)\Esterel Technologies\Esterel SCADE 6.4.2\SCADE Display\config\Workspace\environments\UAPageCreator\A661Norm\SymbolAnimated.xml
I0007: Input file: C:\Program Files (x86)\Esterel Technologies\Esterel SCADE 6.4.2\SCADE Display\config\Workspace\environments\UAPageCreator\A661Norm\MapHorz.xml
I0007: Input file: C:\Program Files (x86)\Esterel Technologies\Esterel SCADE 6.4.2\SCADE Display\config\Workspace\environments\UAPageCreator\A661Norm\MapHorz_Source.xml
I0007: Input file: C:\Program Files (x86)\Esterel Technologies\Esterel SCADE 6.4.2\SCADE Display\config\Workspace\environments\UAPageCreator\A661Norm\MapHorz_ItemList.xml
I0007: Input file: C:\Program Files (x86)\Esterel Technologies\Esterel SCADE 6.4.2\SCADE Display\config\Workspace\environments\UAPageCreator\A661Norm\MapVert.xml
I0007: Input file: C:\Program Files (x86)\Esterel Technologies\Esterel SCADE 6.4.2\SCADE Display\config\Workspace\environments\UAPageCreator\A661Norm\MapVert_ItemList.xml
I0007: Input file: C:\Program Files (x86)\Esterel Technologies\Esterel SCADE 6.4.2\SCADE Display\config\Workspace\environments\UAPageCreator\A661Norm\MapVert_Source.xml
I0007: Input file: C:\Program Files (x86)\Esterel Technologies\Esterel SCADE 6.4.2\SCADE Display\config\Workspace\environments\UAPageCreator\A661Norm\MapGrid.xml
I0007: Input file: C:\Program Files (x86)\Esterel Technologies\Esterel SCADE 6.4.2\SCADE Display\config\Workspace\environments\UAPageCreator\A661Norm\BufferFormat.xml
I0007: Input file: C:\Program Files (x86)\Esterel Technologies\Esterel SCADE 6.4.2\SCADE Display\config\Workspace\environments\UAPageCreator\A661Norm\Connector.xml
I0007: Input file: C:\Program Files (x86)\Esterel Technologies\Esterel SCADE 6.4.2\SCADE Display\config\Workspace\environments\UAPageCreator\A661Norm\CursorRef.xml
I0007: Input file: C:\Program Files (x86)\Esterel Technologies\Esterel SCADE 6.4.2\SCADE Display\config\Workspace\environments\UAPageCreator\A661Norm\ExternalSource.xml
I0007: Input file: C:\Program Files (x86)\Esterel Technologies\Esterel SCADE 6.4.2\SCADE Display\config\Workspace\environments\UAPageCreator\A661Norm\FocusIn.xml
I0007: Input file: C:\Program Files (x86)\Esterel Technologies\Esterel SCADE 6.4.2\SCADE Display\config\Workspace\environments\UAPageCreator\A661Norm\FocusOut.xml
I0007: Input file: C:\Program Files (x86)\Esterel Technologies\Esterel SCADE 6.4.2\SCADE Display\config\Workspace\environments\UAPageCreator\A661Norm\FocusLink.xml
I0007: Input file: C:\Program Files (x86)\Esterel Technologies\Esterel SCADE 6.4.2\SCADE Display\config\Workspace\environments\UAPageCreator\A661Norm\ProxyButton.xml
I0007: Input file: C:\ITA\TS02_2Sprint\DefinitionFile\SatelliteControlCommunication_DF.sgfx
I0006: Generated file: C:\ITA\TS02_2Sprint\UserApplication\KCG\OperationalScenario_UA_1.hexa
I0006: Generated file: C:\ITA\TS02_2Sprint\UserApplication\KCG\OperationalScenario_UA_1.bin
I0006: Generated file: C:\ITA\TS02_2Sprint\UserApplication\KCG\OperationalScenario_UA_1.df.xml
I0006: Generated file: C:\ITA\TS02_2Sprint\UserApplication\KCG\OperationalScenario_UA_1.log
I0002: SCADE UA DF Generator finished with 0 error(s) at 2014-11-23T22:42:44.
        1 file(s) moved.

C:\ITA\TS02_2Sprint\UserApplication\KCG>"C:\Program Files (x86)\Esterel Technologies\Esterel SCADE 6.4.2\SCADE Display\bin\ScadeDisplayConsole.exe" batch generateA661ServerConf "C:\ITA\TS02_2Sprint\DefinitionFile\SatelliteControlCommunication_DF.sgfx" "C:/ITA/TS02_2Sprint/UserApplication/KCG/OperationalScenario_UA_1_conf.xml" 
C:\Program Files (x86)\Esterel Technologies\Esterel SCADE 6.4.2\SCADE Display\bin\ScadeDisplayConsole.exe
Setting SCADEDISPLAY_HOME to C:\Program Files (x86)\Esterel Technologies\Esterel SCADE 6.4.2\SCADE Display
Exception in thread "Thread-3" java.lang.NullPointerException
	at esterel.a661.object.model.A661WidgetGraphicObject.constructErrors(Unknown Source)
	at esterel.sdy.error.a.a(Unknown Source)
	at esterel.sdy.error.a.if(Unknown Source)
	at esterel.sdy.error.a.a(Unknown Source)
	at esterel.sdy.error.a.run(Unknown Source)
	at java.lang.Thread.run(Thread.java:722)
Generated file: C:\ITA\TS02_2Sprint\UserApplication\KCG\OperationalScenario_UA_1_conf.xml
Status: 0
