$**************  SCADETOC Version 6.4.2 (build i26) **************
** Generation date: 2014-11-22T21:13:03
** Command: scade -code "D:\Embraer ITA\Doutorado\Projetos\TS02_2Sprint_v9\TS02_2Sprint\UserApplication\missionPhases.etp" -node OperationalScenario -conf KCG -build
*************************************************************$
*** Generated Files Information (GENFIL): KCG- Generated files
 ~kcg.log
  at file D:\Embraer ITA\Doutorado\Projetos\TS02_2Sprint_v9\TS02_2Sprint\UserApplication\KCG\kcg.log, line 0, character 0
 ~kcg_xml_filter_out.scade
  at file D:\Embraer ITA\Doutorado\Projetos\TS02_2Sprint_v9\TS02_2Sprint\UserApplication\KCG\kcg_xml_filter_out.scade, line 0, character 0
 ~kcg_s2c_config.txt
  at file D:\Embraer ITA\Doutorado\Projetos\TS02_2Sprint_v9\TS02_2Sprint\UserApplication\KCG\kcg_s2c_config.txt, line 0, character 0
 ~kcg_trace.xml
  at file D:\Embraer ITA\Doutorado\Projetos\TS02_2Sprint_v9\TS02_2Sprint\UserApplication\KCG\kcg_trace.xml, line 0, character 0
 ~kcg_metrics.txt
  at file D:\Embraer ITA\Doutorado\Projetos\TS02_2Sprint_v9\TS02_2Sprint\UserApplication\KCG\kcg_metrics.txt, line 0, character 0
 ~OperationalScenario.c
  at file D:\Embraer ITA\Doutorado\Projetos\TS02_2Sprint_v9\TS02_2Sprint\UserApplication\KCG\OperationalScenario.c, line 0, character 0
 ~OperationalScenario.h
  at file D:\Embraer ITA\Doutorado\Projetos\TS02_2Sprint_v9\TS02_2Sprint\UserApplication\KCG\OperationalScenario.h, line 0, character 0
 ~kcg_types.h
  at file D:\Embraer ITA\Doutorado\Projetos\TS02_2Sprint_v9\TS02_2Sprint\UserApplication\KCG\kcg_types.h, line 0, character 0
 ~kcg_consts.h
  at file D:\Embraer ITA\Doutorado\Projetos\TS02_2Sprint_v9\TS02_2Sprint\UserApplication\KCG\kcg_consts.h, line 0, character 0
 ~kcg_sensors.h
  at file D:\Embraer ITA\Doutorado\Projetos\TS02_2Sprint_v9\TS02_2Sprint\UserApplication\KCG\kcg_sensors.h, line 0, character 0
 ~kcg_types.c
  at file D:\Embraer ITA\Doutorado\Projetos\TS02_2Sprint_v9\TS02_2Sprint\UserApplication\KCG\kcg_types.c, line 0, character 0
 ~kcg_consts.c
  at file D:\Embraer ITA\Doutorado\Projetos\TS02_2Sprint_v9\TS02_2Sprint\UserApplication\KCG\kcg_consts.c, line 0, character 0
*** Generated Files Information (GENFIL): Simulator Generated files
 ~OperationalScenario_UA_1.c
  at file D:\Embraer ITA\Doutorado\Projetos\TS02_2Sprint_v9\TS02_2Sprint\UserApplication\KCG\OperationalScenario_UA_1.c, line 0, character 0
 ~OperationalScenario_UA_1.h
  at file D:\Embraer ITA\Doutorado\Projetos\TS02_2Sprint_v9\TS02_2Sprint\UserApplication\KCG\OperationalScenario_UA_1.h, line 0, character 0
 ~OperationalScenario_cosim.c
  at file D:\Embraer ITA\Doutorado\Projetos\TS02_2Sprint_v9\TS02_2Sprint\UserApplication\KCG\OperationalScenario_cosim.c, line 0, character 0
 ~OperationalScenario_type.h
  at file D:\Embraer ITA\Doutorado\Projetos\TS02_2Sprint_v9\TS02_2Sprint\UserApplication\KCG\OperationalScenario_type.h, line 0, character 0
 ~OperationalScenario_type.c
  at file D:\Embraer ITA\Doutorado\Projetos\TS02_2Sprint_v9\TS02_2Sprint\UserApplication\KCG\OperationalScenario_type.c, line 0, character 0
 ~OperationalScenario_mapping.h
  at file D:\Embraer ITA\Doutorado\Projetos\TS02_2Sprint_v9\TS02_2Sprint\UserApplication\KCG\OperationalScenario_mapping.h, line 0, character 0
 ~OperationalScenario_mapping.c
  at file D:\Embraer ITA\Doutorado\Projetos\TS02_2Sprint_v9\TS02_2Sprint\UserApplication\KCG\OperationalScenario_mapping.c, line 0, character 0
 ~OperationalScenario_interface.h
  at file D:\Embraer ITA\Doutorado\Projetos\TS02_2Sprint_v9\TS02_2Sprint\UserApplication\KCG\OperationalScenario_interface.h, line 0, character 0
 ~OperationalScenario_interface.c
  at file D:\Embraer ITA\Doutorado\Projetos\TS02_2Sprint_v9\TS02_2Sprint\UserApplication\KCG\OperationalScenario_interface.c, line 0, character 0
 ~OperationalScenario_dll.c
  at file D:\Embraer ITA\Doutorado\Projetos\TS02_2Sprint_v9\TS02_2Sprint\UserApplication\KCG\OperationalScenario_dll.c, line 0, character 0
*** Generated Files Information (GENFIL): Type Utils Generated files
 ~missionPhases_newtype.h
  at file D:\Embraer ITA\Doutorado\Projetos\TS02_2Sprint_v9\TS02_2Sprint\UserApplication\KCG\missionPhases_newtype.h, line 0, character 0
 ~missionPhases_newtype.c
  at file D:\Embraer ITA\Doutorado\Projetos\TS02_2Sprint_v9\TS02_2Sprint\UserApplication\KCG\missionPhases_newtype.c, line 0, character 0
*** Generated Files Information (GENFIL): Mapping Utils Generated files
 ~missionPhases_newmapping.h
  at file D:\Embraer ITA\Doutorado\Projetos\TS02_2Sprint_v9\TS02_2Sprint\UserApplication\KCG\missionPhases_newmapping.h, line 0, character 0
 ~missionPhases_newmapping.c
  at file D:\Embraer ITA\Doutorado\Projetos\TS02_2Sprint_v9\TS02_2Sprint\UserApplication\KCG\missionPhases_newmapping.c, line 0, character 0
*** Generated Files Information (GENFIL): Graphical Panels Generated files
 ~D:/Embraer ITA/Doutorado/Projetos/TS02_2Sprint_v9/TS02_2Sprint/UserApplication/KCG/CoSimTypes.h
  at file D:\Embraer ITA\Doutorado\Projetos\TS02_2Sprint_v9\TS02_2Sprint\UserApplication\KCG\CoSimTypes.h, line 0, character 0
*** Generated Files Information (GENFIL): Build Generated files
 ~Makefile
  at file D:\Embraer ITA\Doutorado\Projetos\TS02_2Sprint_v9\TS02_2Sprint\UserApplication\KCG\Makefile, line 0, character 0
 ~OperationalScenario.dll
  at file D:\Embraer ITA\Doutorado\Projetos\TS02_2Sprint_v9\TS02_2Sprint\UserApplication\KCG\OperationalScenario.dll, line 0, character 0
 ~OperationalScenario.exe
  at file D:\Embraer ITA\Doutorado\Projetos\TS02_2Sprint_v9\TS02_2Sprint\UserApplication\KCG\OperationalScenario.exe, line 0, character 0
*** Generated Files Information (GENFIL): Code Generator Generated files
 ~sc2c.log
  at file D:\Embraer ITA\Doutorado\Projetos\TS02_2Sprint_v9\TS02_2Sprint\UserApplication\KCG\sc2c.log, line 0, character 0
 ~sc2c_integration_files.txt
  at file D:\Embraer ITA\Doutorado\Projetos\TS02_2Sprint_v9\TS02_2Sprint\UserApplication\KCG\sc2c_integration_files.txt, line 0, character 0
$**************  SCADETOC Version 6.4.2 (build i26) **************
** Generation date: 2014-11-22T21:13:19
** sc2c.log
*************************************************************$
