$**************  SCADETOC Version 6.4.2 (build i26) **************
** Generation date: 2014-11-18T21:19:59
** Command: scade -code "..\UserApplication\TS03.etp" -node TS03 -conf KCG
*************************************************************$
*** Generated Files Information (GENFIL): KCG- Generated files
 ~kcg.log
  at file C:\GitHub\si-lansab\Satellite\TS03\UserApplication\KCG\kcg.log, line 0, character 0
 ~kcg_s2c_config.txt
  at file C:\GitHub\si-lansab\Satellite\TS03\UserApplication\KCG\kcg_s2c_config.txt, line 0, character 0
 ~kcg_trace.xml
  at file C:\GitHub\si-lansab\Satellite\TS03\UserApplication\KCG\kcg_trace.xml, line 0, character 0
 ~kcg_metrics.txt
  at file C:\GitHub\si-lansab\Satellite\TS03\UserApplication\KCG\kcg_metrics.txt, line 0, character 0
 ~TS03.c
  at file C:\GitHub\si-lansab\Satellite\TS03\UserApplication\KCG\TS03.c, line 0, character 0
 ~TS03.h
  at file C:\GitHub\si-lansab\Satellite\TS03\UserApplication\KCG\TS03.h, line 0, character 0
 ~kcg_types.h
  at file C:\GitHub\si-lansab\Satellite\TS03\UserApplication\KCG\kcg_types.h, line 0, character 0
 ~kcg_consts.h
  at file C:\GitHub\si-lansab\Satellite\TS03\UserApplication\KCG\kcg_consts.h, line 0, character 0
 ~kcg_sensors.h
  at file C:\GitHub\si-lansab\Satellite\TS03\UserApplication\KCG\kcg_sensors.h, line 0, character 0
 ~kcg_types.c
  at file C:\GitHub\si-lansab\Satellite\TS03\UserApplication\KCG\kcg_types.c, line 0, character 0
 ~kcg_consts.c
  at file C:\GitHub\si-lansab\Satellite\TS03\UserApplication\KCG\kcg_consts.c, line 0, character 0
*** Generated Files Information (GENFIL): Code Generator Generated files
 ~sc2c.log
  at file C:\GitHub\si-lansab\Satellite\TS03\UserApplication\KCG\sc2c.log, line 0, character 0
 ~sc2c_integration_files.txt
  at file C:\GitHub\si-lansab\Satellite\TS03\UserApplication\KCG\sc2c_integration_files.txt, line 0, character 0
$**************  SCADETOC Version 6.4.2 (build i26) **************
** Generation date: 2014-11-18T21:20:02
** sc2c.log
*************************************************************$
