#
# A fatal error has been detected by the Java Runtime Environment:
#
#  EXCEPTION_ACCESS_VIOLATION (0xc0000005) at pc=0x2b933f5c, pid=3020, tid=3324
#
# JRE version: 7.0_03-b05
# Java VM: Java HotSpot(TM) Client VM (22.1-b02 mixed mode windows-x86 )
# Problematic frame:
# C  [IGLCustom.dll+0x3f5c]
#
# Failed to write core dump. Minidumps are not enabled by default on client versions of Windows
#
# If you would like to submit a bug report, please visit:
#   http://bugreport.sun.com/bugreport/crash.jsp
# The crash happened outside the Java Virtual Machine in native code.
# See problematic frame for where to report the bug.
#

---------------  T H R E A D  ---------------

Current thread (0x2bd50400):  JavaThread "Thread-6" [_thread_in_native, id=3324, stack(0x30a00000,0x30b00000)]

siginfo: ExceptionCode=0xc0000005, reading address 0x00000008

Registers:
EAX=0x00000000, EBX=0x23cb4e18, ECX=0x758b17c4, EDX=0x774f64f4
ESP=0x30aff5c8, EBP=0x30aff5f0, ESI=0x00000000, EDI=0x00000000
EIP=0x2b933f5c, EFLAGS=0x00010213

Top of Stack: (sp=0x30aff5c8)
0x30aff5c8:   4d2261e2 00000000 28f66948 23cb4e18
0x30aff5d8:   75a6efb2 30aff1a4 30aff658 2b934910
0x30aff5e8:   561efb12 00000000 30aff668 2b934122
0x30aff5f8:   4d22627a 2bd50528 28f66948 23cb4e18
0x30aff608:   0497000c 775022ae 47f69347 00000040
0x30aff618:   014b01cc 014b0000 00000001 001bdf50
0x30aff628:   04d3005a 00200135 77501f31 00000000
0x30aff638:   00000000 28f66948 04b8005b 00200135 

Instructions: (pc=0x2b933f5c)
0x2b933f3c:   00 00 00 00 8b f1 6a ff e8 c7 d1 ff ff 50 ff 15
0x2b933f4c:   40 60 93 2b 83 f8 ff 74 44 c7 45 fc 00 00 00 00
0x2b933f5c:   8b 46 08 85 c0 74 2a 8b 70 04 6a fe 8d 45 f0 50
0x2b933f6c:   68 98 80 93 2b e8 1e 0a 00 00 83 c4 0c 8b c6 8b 


Register to memory mapping:

EAX=0x00000000 is an unknown value
EBX=0x23cb4e18 is an oop
{method} 
 - klass: {other class}
ECX=0x758b17c4 is an unknown value
EDX=0x774f64f4 is an unknown value
ESP=0x30aff5c8 is pointing into the stack for thread: 0x2bd50400
EBP=0x30aff5f0 is pointing into the stack for thread: 0x2bd50400
ESI=0x00000000 is an unknown value
EDI=0x00000000 is an unknown value


Stack: [0x30a00000,0x30b00000],  sp=0x30aff5c8,  free space=1021k
Native frames: (J=compiled Java code, j=interpreted, Vv=VM code, C=native code)
C  [IGLCustom.dll+0x3f5c]  getIGLCustom+0x2e5c
C  [IGLCustom.dll+0x4122]  getIGLCustom+0x3022

Java frames: (J=compiled Java code, j=interpreted, Vv=VM code)
j  esterel.sdy.viewer.ExternalGraphicLibrary.writeFontFile(ILjava/lang/String;)Z+0
j  esterel.sdy.font.f.X()Z+53
j  esterel.sdy.font.f.R()Ljava/util/Vector;+9
j  esterel.sdy.font.l.Q()I+1
j  esterel.a661.object.model.A661WidgetGraphicObject.constructErrors()Ljava/util/ArrayList;+319
j  esterel.sdy.error.a.a(Lesterel/sdy/object/model/h;ZLesterel/sdy/object/util/SortedGOVector;)V+286
j  esterel.sdy.error.a.if(Lesterel/sdy/object/model/h;Z)V+58
j  esterel.sdy.error.a.a(Lesterel/sdy/object/model/h;ZLesterel/sdy/object/util/SortedGOVector;)V+380
j  esterel.sdy.error.a.if(Lesterel/sdy/object/model/h;Z)V+58
j  esterel.sdy.error.a.a(Lesterel/sdy/object/model/h;Z)V+313
j  esterel.sdy.error.a.run()V+95
j  java.lang.Thread.run()V+11
v  ~StubRoutines::call_stub

---------------  P R O C E S S  ---------------

Java Threads: ( => current thread )
  0x2bd52800 JavaThread "TimerQueue" daemon [_thread_blocked, id=3380, stack(0x31ac0000,0x31bc0000)]
  0x2bd51c00 JavaThread "Thread-9" [_thread_in_native, id=3352, stack(0x314f0000,0x315f0000)]
  0x2bd51800 JavaThread "Thread-8" [_thread_in_native, id=3348, stack(0x313f0000,0x314f0000)]
  0x2bd51000 JavaThread "EventThread" [_thread_blocked, id=3336, stack(0x30c00000,0x30d00000)]
  0x2bd50800 JavaThread "Image Fetcher 3" daemon [_thread_blocked, id=3328, stack(0x30b00000,0x30c00000)]
=>0x2bd50400 JavaThread "Thread-6" [_thread_in_native, id=3324, stack(0x30a00000,0x30b00000)]
  0x2bd4fc00 JavaThread "Image Fetcher 2" daemon [_thread_blocked, id=3320, stack(0x30900000,0x30a00000)]
  0x2bd4f800 JavaThread "change adapter" [_thread_blocked, id=3316, stack(0x30800000,0x30900000)]
  0x2bd4f000 JavaThread "Thread-5" [_thread_blocked, id=3312, stack(0x30700000,0x30800000)]
  0x2bd4ec00 JavaThread "Image Fetcher 0" daemon [_thread_blocked, id=3308, stack(0x2ac70000,0x2ad70000)]
  0x29206400 JavaThread "Image Fetcher 1" daemon [_thread_blocked, id=3300, stack(0x2b830000,0x2b930000)]
  0x29192000 JavaThread "D3D Screen Updater" daemon [_thread_blocked, id=3296, stack(0x2b270000,0x2b370000)]
  0x2904e000 JavaThread "AWT-EventQueue-0" [_thread_in_native, id=3292, stack(0x2ad70000,0x2ae70000)]
  0x28fd7c00 JavaThread "AWT-Windows" daemon [_thread_in_native, id=3280, stack(0x299e0000,0x29ae0000)]
  0x28fd3400 JavaThread "AWT-Shutdown" [_thread_blocked, id=3276, stack(0x298e0000,0x299e0000)]
  0x27fdcc00 JavaThread "Java2D Disposer" daemon [_thread_blocked, id=3272, stack(0x297e0000,0x298e0000)]
  0x28f58800 JavaThread "GC Daemon" daemon [_thread_blocked, id=3268, stack(0x296e0000,0x297e0000)]
  0x01aad400 JavaThread "RMI Reaper" [_thread_blocked, id=3264, stack(0x295e0000,0x296e0000)]
  0x01aacc00 JavaThread "RMI TCP Accept-0" daemon [_thread_in_native, id=3260, stack(0x294e0000,0x295e0000)]
  0x28f8dc00 JavaThread "RMI TCP Accept-2004" daemon [_thread_in_native, id=3256, stack(0x293e0000,0x294e0000)]
  0x27f7ec00 JavaThread "Service Thread" daemon [_thread_blocked, id=3092, stack(0x28420000,0x28520000)]
  0x27f71c00 JavaThread "C1 CompilerThread0" daemon [_thread_blocked, id=3088, stack(0x28320000,0x28420000)]
  0x27f70800 JavaThread "Attach Listener" daemon [_thread_blocked, id=3084, stack(0x28220000,0x28320000)]
  0x27f6d800 JavaThread "Signal Dispatcher" daemon [_thread_blocked, id=3080, stack(0x28120000,0x28220000)]
  0x01ae5400 JavaThread "Finalizer" daemon [_thread_blocked, id=3076, stack(0x27e20000,0x27f20000)]
  0x01ae0800 JavaThread "Reference Handler" daemon [_thread_blocked, id=3072, stack(0x27d20000,0x27e20000)]
  0x019f3800 JavaThread "main" [_thread_blocked, id=3024, stack(0x00030000,0x00130000)]

Other Threads:
  0x01adc000 VMThread [stack: 0x27c20000,0x27d20000] [id=3068]
  0x27f9b400 WatcherThread [stack: 0x28520000,0x28620000] [id=3096]

VM state:not at safepoint (normal execution)

VM Mutex/Monitor currently owned by a thread: None

Heap
 def new generation   total 110592K, used 17394K [0x03af0000, 0x0b2e0000, 0x0e590000)
  eden space 98368K,  17% used [0x03af0000, 0x04bec840, 0x09b00000)
  from space 12224K,   0% used [0x09b00000, 0x09b00000, 0x0a6f0000)
  to   space 12224K,   0% used [0x0a6f0000, 0x0a6f0000, 0x0b2e0000)
 tenured generation   total 245420K, used 147250K [0x0e590000, 0x1d53b000, 0x23af0000)
   the space 245420K,  59% used [0x0e590000, 0x1755c918, 0x1755ca00, 0x1d53b000)
 compacting perm gen  total 17920K, used 17916K [0x23af0000, 0x24c70000, 0x27af0000)
   the space 17920K,  99% used [0x23af0000, 0x24c6f258, 0x24c6f400, 0x24c70000)
No shared spaces configured.

Code Cache  [0x01af0000, 0x01d70000, 0x03af0000)
 total_blobs=1415 nmethods=1150 adapters=199 free_code_cache=30308Kb largest_free_block=30949632

Dynamic libraries:
0x00400000 - 0x005ef000 	C:\Program Files\Esterel Technologies\Esterel SCADE 6.4.2\SCADE Display\bin\ScadeDisplay.exe
0x774b0000 - 0x775ec000 	C:\Windows\SYSTEM32\ntdll.dll
0x75a20000 - 0x75af4000 	C:\Windows\system32\kernel32.dll
0x758b0000 - 0x758fa000 	C:\Windows\system32\KERNELBASE.dll
0x70fa0000 - 0x71043000 	C:\Windows\WinSxS\x86_microsoft.vc90.crt_1fc8b3b9a1e18e3b_9.0.30729.6161_none_50934f2ebcb7eb57\MSVCR90.dll
0x73a00000 - 0x73a11000 	C:\Windows\system32\NETAPI32.dll
0x739f0000 - 0x739f9000 	C:\Windows\system32\netutils.dll
0x75ea0000 - 0x75f4c000 	C:\Windows\system32\msvcrt.dll
0x75290000 - 0x752a9000 	C:\Windows\system32\srvcli.dll
0x76e30000 - 0x76ed1000 	C:\Windows\system32\RPCRT4.dll
0x739e0000 - 0x739ef000 	C:\Windows\system32\wkscli.dll
0x75820000 - 0x758a4000 	C:\Windows\WinSxS\x86_microsoft.windows.common-controls_6595b64144ccf1df_5.82.7600.16385_none_ebf82fc36c758ad5\COMCTL32.dll
0x76f40000 - 0x76fe0000 	C:\Windows\system32\ADVAPI32.dll
0x75b50000 - 0x75b69000 	C:\Windows\SYSTEM32\sechost.dll
0x75cf0000 - 0x75d3e000 	C:\Windows\system32\GDI32.dll
0x775f0000 - 0x776b9000 	C:\Windows\system32\USER32.dll
0x776d0000 - 0x776da000 	C:\Windows\system32\LPK.dll
0x771e0000 - 0x7727d000 	C:\Windows\system32\USP10.dll
0x71260000 - 0x71267000 	C:\Windows\system32\WSOCK32.dll
0x75cb0000 - 0x75ce5000 	C:\Windows\system32\WS2_32.dll
0x75a10000 - 0x75a16000 	C:\Windows\system32\NSI.dll
0x756a0000 - 0x756cd000 	C:\Windows\system32\WINTRUST.dll
0x756d0000 - 0x757ec000 	C:\Windows\system32\CRYPT32.dll
0x75670000 - 0x7567c000 	C:\Windows\system32\MSASN1.dll
0x77040000 - 0x770bb000 	C:\Windows\system32\COMDLG32.dll
0x76fe0000 - 0x77037000 	C:\Windows\system32\SHLWAPI.dll
0x75fe0000 - 0x76c29000 	C:\Windows\system32\SHELL32.dll
0x75d40000 - 0x75e9c000 	C:\Windows\system32\ole32.dll
0x75f50000 - 0x75fdf000 	C:\Windows\system32\OLEAUT32.dll
0x70f10000 - 0x70f9e000 	C:\Windows\WinSxS\x86_microsoft.vc90.crt_1fc8b3b9a1e18e3b_9.0.30729.6161_none_50934f2ebcb7eb57\MSVCP90.dll
0x771c0000 - 0x771df000 	C:\Windows\system32\IMM32.DLL
0x75910000 - 0x759dc000 	C:\Windows\system32\MSCTF.dll
0x6ca10000 - 0x6cd38000 	C:\Program Files\Esterel Technologies\Esterel SCADE 6.4.2\contrib\JRE\bin\client\jvm.dll
0x71360000 - 0x71392000 	C:\Windows\system32\WINMM.dll
0x75900000 - 0x75905000 	C:\Windows\system32\PSAPI.DLL
0x6c950000 - 0x6ca0e000 	C:\Program Files\Esterel Technologies\Esterel SCADE 6.4.2\SCADE Display\bin\MSVCR100.dll
0x6c940000 - 0x6c94c000 	C:\Program Files\Esterel Technologies\Esterel SCADE 6.4.2\contrib\JRE\bin\verify.dll
0x6c920000 - 0x6c940000 	C:\Program Files\Esterel Technologies\Esterel SCADE 6.4.2\contrib\JRE\bin\java.dll
0x6c900000 - 0x6c913000 	C:\Program Files\Esterel Technologies\Esterel SCADE 6.4.2\contrib\JRE\bin\zip.dll
0x6c8f0000 - 0x6c8f3000 	C:\Windows\system32\icmp.Dll
0x73890000 - 0x738ac000 	C:\Windows\system32\iphlpapi.DLL
0x73830000 - 0x73837000 	C:\Windows\system32\WINNSI.DLL
0x754d0000 - 0x754ea000 	C:\Windows\system32\SspiCli.dll
0x74830000 - 0x74840000 	C:\Windows\system32\NLAapi.dll
0x75040000 - 0x7507c000 	C:\Windows\System32\mswsock.dll
0x74f00000 - 0x74f44000 	C:\Windows\system32\DNSAPI.dll
0x709e0000 - 0x709e8000 	C:\Windows\System32\winrnr.dll
0x709d0000 - 0x709e0000 	C:\Windows\system32\napinsp.dll
0x709a0000 - 0x709b2000 	C:\Windows\system32\pnrpnsp.dll
0x70940000 - 0x7094d000 	C:\Windows\system32\wshbth.dll
0x73790000 - 0x737c8000 	C:\Windows\System32\fwpuclnt.dll
0x71f60000 - 0x71f66000 	C:\Windows\system32\rasadhlp.dll
0x74b90000 - 0x74b95000 	C:\Windows\System32\wshtcpip.dll
0x736d0000 - 0x736dd000 	C:\Windows\system32\dhcpcsvc6.DLL
0x736b0000 - 0x736c2000 	C:\Windows\system32\dhcpcsvc.DLL
0x003e0000 - 0x003ed000 	C:\Program Files\Esterel Technologies\Esterel SCADE 6.4.2\SCADE Display\bin\sdy_tigl.dll
0x6c0f0000 - 0x6c232000 	C:\Program Files\Esterel Technologies\Esterel SCADE 6.4.2\contrib\JRE\bin\awt.dll
0x6c0d0000 - 0x6c0e4000 	C:\Program Files\Esterel Technologies\Esterel SCADE 6.4.2\contrib\JRE\bin\net.dll
0x75030000 - 0x75036000 	C:\Windows\System32\wship6.dll
0x6c0c0000 - 0x6c0cf000 	C:\Program Files\Esterel Technologies\Esterel SCADE 6.4.2\contrib\JRE\bin\nio.dll
0x75080000 - 0x75096000 	C:\Windows\system32\CRYPTSP.dll
0x74e20000 - 0x74e5b000 	C:\Windows\system32\rsaenh.dll
0x74c60000 - 0x74c77000 	C:\Windows\system32\USERENV.dll
0x755d0000 - 0x755db000 	C:\Windows\system32\profapi.dll
0x75550000 - 0x7555c000 	C:\Windows\system32\CRYPTBASE.dll
0x73d80000 - 0x73d93000 	C:\Windows\system32\DWMAPI.DLL
0x6bef0000 - 0x6c0b3000 	C:\Windows\system32\d3d9.dll
0x74b00000 - 0x74b09000 	C:\Windows\system32\VERSION.dll
0x6bee0000 - 0x6bee6000 	C:\Windows\system32\d3d8thk.dll
0x6beb0000 - 0x6bee0000 	C:\Windows\system32\vm3dum.dll
0x6be80000 - 0x6beaa000 	C:\Program Files\Esterel Technologies\Esterel SCADE 6.4.2\contrib\JRE\bin\fontmanager.dll
0x6be40000 - 0x6be71000 	C:\Program Files\Esterel Technologies\Esterel SCADE 6.4.2\contrib\JRE\bin\t2k.dll
0x77310000 - 0x774ad000 	C:\Windows\system32\SETUPAPI.dll
0x757f0000 - 0x75817000 	C:\Windows\system32\CFGMGR32.dll
0x75680000 - 0x75692000 	C:\Windows\system32\DEVOBJ.dll
0x28ab0000 - 0x28ab9000 	C:\Program Files\Esterel Technologies\Esterel SCADE 6.4.2\SCADE Display\bin\jdic.dll
0x75b70000 - 0x75ca5000 	C:\Windows\system32\urlmon.dll
0x76c30000 - 0x76e29000 	C:\Windows\system32\iertutil.dll
0x6bb20000 - 0x6bc3c000 	C:\Windows\system32\MFC42.DLL
0x6f460000 - 0x6f4ea000 	C:\Windows\system32\ODBC32.dll
0x6f360000 - 0x6f398000 	C:\Windows\system32\odbcint.dll
0x75500000 - 0x7554b000 	C:\Windows\system32\apphelp.dll
0x77280000 - 0x77303000 	C:\Windows\system32\CLBCatQ.DLL
0x74460000 - 0x745fe000 	C:\Windows\WinSxS\x86_microsoft.windows.common-controls_6595b64144ccf1df_6.0.7600.16385_none_421189da2b7fabfc\comctl32.dll
0x73b90000 - 0x73c8b000 	C:\Windows\system32\WindowsCodecs.dll
0x71320000 - 0x71351000 	C:\Windows\system32\EhStorShell.dll
0x74360000 - 0x74455000 	C:\Windows\system32\PROPSYS.dll
0x71120000 - 0x711af000 	C:\Program Files\Google\Drive\googledrivesync32.dll
0x70670000 - 0x706da000 	C:\Windows\System32\cscui.dll
0x71fa0000 - 0x71fa9000 	C:\Windows\System32\CSCDLL.dll
0x707d0000 - 0x707db000 	C:\Windows\system32\CSCAPI.dll
0x70600000 - 0x7066f000 	C:\Windows\system32\ntshrui.dll
0x73ce0000 - 0x73cea000 	C:\Windows\system32\slc.dll
0x6baf0000 - 0x6baf6000 	C:\Program Files\Esterel Technologies\Esterel SCADE 6.4.2\contrib\JRE\bin\jawt.dll
0x30d50000 - 0x30d68000 	C:\Program Files\Esterel Technologies\Esterel SCADE 6.4.2\SCADE Display\bin\OGLX.dll
0x6bca0000 - 0x6bd68000 	C:\Windows\system32\OPENGL32.dll
0x6be10000 - 0x6be32000 	C:\Windows\system32\GLU32.dll
0x6ba00000 - 0x6bae7000 	C:\Windows\system32\DDRAW.dll
0x6be00000 - 0x6be06000 	C:\Windows\system32\DCIMAN32.dll
0x6b880000 - 0x6b8da000 	C:\Program Files\Esterel Technologies\Esterel SCADE 6.4.2\SCADE Display\config\Workspace\environments\UAPageCreator\A661Norm\dll\Fonts.dll
0x69c80000 - 0x69f6d000 	C:\Program Files\Esterel Technologies\Esterel SCADE 6.4.2\SCADE Display\config\Workspace\environments\UAPageCreator\A661Norm\dll\A661Server.dll
0x2b930000 - 0x2bd3e000 	C:\Program Files\Esterel Technologies\Esterel SCADE 6.4.2\SCADE Display\bin\OpenGL\IGLCustom.dll
0x332a0000 - 0x33be7000 	C:\Program Files\Esterel Technologies\Esterel SCADE 6.4.2\SCADE Display\bin\OpenGL\Fonts.dll

VM Arguments:
jvm_args: -Xms256m -Xmx512m -Xbatch -Duser.language=en -Duser.country=US -Dcom.sun.media.imageio.disableCodecLib=true -Dscadedisplay.home=C:\Program Files\Esterel Technologies\Esterel SCADE 6.4.2\SCADE Display -Djava.library.path=C:\Program Files\Esterel Technologies\Esterel SCADE 6.4.2\SCADE Display/bin;C:\Program Files\Esterel Technologies\Esterel SCADE 6.4.2\SCADE Display/bin/vm/bin -Dscade.exe.path=C:\Program Files\Esterel Technologies\Esterel SCADE 6.4.2\SCADE\bin\scade.exe 
java_command: <unknown>
Launcher Type: generic

Environment Variables:
PATH=C:\Program Files\Esterel Technologies\Esterel SCADE 6.4.2\contrib\lib;C:\Windows\system32;C:\Windows;C:\Windows\System32\Wbem;C:\Windows\System32\WindowsPowerShell\v1.0\
USERNAME=Projeto Si-LANSAB
OS=Windows_NT
PROCESSOR_IDENTIFIER=x86 Family 6 Model 42 Stepping 7, GenuineIntel



---------------  S Y S T E M  ---------------

OS: Windows 7 Build 7600 

CPU:total 1 (2 cores per cpu, 2 threads per core) family 6 model 42 stepping 7, cmov, cx8, fxsr, mmx, sse, sse2, sse3, ssse3, sse4.1, sse4.2, popcnt, ht

Memory: 4k page, physical 1048056k(244896k free), swap 2096632k(1063432k free)

vm_info: Java HotSpot(TM) Client VM (22.1-b02) for windows-x86 JRE (1.7.0_03-b05), built on Feb  3 2012 20:43:37 by "java_re" with unknown MS VC++:1600

time: Sat Nov 22 10:09:59 2014
elapsed time: 28 seconds

