<?xml version="1.0" encoding="UTF-8"?>

<?dom version="6.4.2" ?>

<?scade_release version="6.4.2" ?>

<traceability>
    <object id="92472d87-7535-49a5-92a9-8ee63865ba43" mandatory="false">
        <requirement id="IR_171"/>
    </object>
    <object id="9cd4715b-30d3-4d88-a235-388fe46c6be3" mandatory="false">
        <requirement id="IR_181"/>
        <requirement id="IR_182"/>
        <requirement id="IR_183"/>
        <requirement id="IR_184"/>
    </object>
    <object id="53cd8cd7-7e57-4855-baa6-27bff828b20c" mandatory="false">
        <requirement id="IR_181"/>
        <requirement id="IR_182"/>
        <requirement id="IR_183"/>
        <requirement id="IR_184"/>
    </object>
</traceability>

<!-- crc32 : 3542644055 -->

