$**************  SCADETOC Version 6.4.2 (build i26) **************
** Generation date: 2014-11-21T10:35:29
** Command: scade -code "..\UserApplication\ts04.etp" -node ts04 -conf KCG
*************************************************************$
*** Generated Files Information (GENFIL): KCG- Generated files
 ~kcg.log
  at file C:\hoffsi\dev\ita\scade\ce235\Launcher\TS04\UserApplication\KCG\kcg.log, line 0, character 0
 ~kcg_s2c_config.txt
  at file C:\hoffsi\dev\ita\scade\ce235\Launcher\TS04\UserApplication\KCG\kcg_s2c_config.txt, line 0, character 0
 ~kcg_trace.xml
  at file C:\hoffsi\dev\ita\scade\ce235\Launcher\TS04\UserApplication\KCG\kcg_trace.xml, line 0, character 0
 ~kcg_metrics.txt
  at file C:\hoffsi\dev\ita\scade\ce235\Launcher\TS04\UserApplication\KCG\kcg_metrics.txt, line 0, character 0
 ~ts04.c
  at file C:\hoffsi\dev\ita\scade\ce235\Launcher\TS04\UserApplication\KCG\ts04.c, line 0, character 0
 ~ts04.h
  at file C:\hoffsi\dev\ita\scade\ce235\Launcher\TS04\UserApplication\KCG\ts04.h, line 0, character 0
 ~kcg_types.h
  at file C:\hoffsi\dev\ita\scade\ce235\Launcher\TS04\UserApplication\KCG\kcg_types.h, line 0, character 0
 ~kcg_consts.h
  at file C:\hoffsi\dev\ita\scade\ce235\Launcher\TS04\UserApplication\KCG\kcg_consts.h, line 0, character 0
 ~kcg_sensors.h
  at file C:\hoffsi\dev\ita\scade\ce235\Launcher\TS04\UserApplication\KCG\kcg_sensors.h, line 0, character 0
 ~kcg_types.c
  at file C:\hoffsi\dev\ita\scade\ce235\Launcher\TS04\UserApplication\KCG\kcg_types.c, line 0, character 0
 ~kcg_consts.c
  at file C:\hoffsi\dev\ita\scade\ce235\Launcher\TS04\UserApplication\KCG\kcg_consts.c, line 0, character 0
*** Generated Files Information (GENFIL): Code Generator Generated files
 ~sc2c.log
  at file C:\hoffsi\dev\ita\scade\ce235\Launcher\TS04\UserApplication\KCG\sc2c.log, line 0, character 0
 ~sc2c_integration_files.txt
  at file C:\hoffsi\dev\ita\scade\ce235\Launcher\TS04\UserApplication\KCG\sc2c_integration_files.txt, line 0, character 0
$**************  SCADETOC Version 6.4.2 (build i26) **************
** Generation date: 2014-11-21T10:35:35
** sc2c.log
*************************************************************$
