$*************** KCG Version 6.1.3 (build i6) ****************
** Command: kcg613.exe -config C:/GitHub/si-lansab/Launcher/TS01/UserApplication/KCG/config.txt
** Generation date: 2014-11-22T22:23:07
*************************************************************$
$*************** KCG Version 6.1.3 (build i6) ****************
** Command: s2c613 -config C:/GitHub/si-lansab/Launcher/TS01/UserApplication/KCG\kcg_s2c_config.txt
** Generation date: 2014-11-22T22:23:07
*************************************************************$
*** Semantic Warning (WAR_151):  Internal state expected
  at file C:/GitHub/si-lansab/Launcher/TS01/UserApplication/KCG/scade_model_without_unused.scade, line 9141, character 0
  at path LatLong_Status/
 Node LatLong_Status has no internal state
 (it should probably be declared as a function)
*** Semantic Warning (WAR_151):  Internal state expected
  at file C:/GitHub/si-lansab/Launcher/TS01/UserApplication/KCG/scade_model_without_unused.scade, line 8707, character 0
  at path Fuel_Status/
 Node Fuel_Status has no internal state
 (it should probably be declared as a function)
2 warnings were found
$*************** KCG Version 6.1.3 (build i6) ****************
** s2c.log
** Generation date: 2014-11-22T22:23:08
*************************************************************$
$*************** KCG Version 6.1.3 (build i6) ****************
** C:/GitHub/si-lansab/Launcher/TS01/UserApplication/KCG\kcg.log
** Generation date: 2014-11-22T22:23:08
*************************************************************$
