$*************** KCG Version 6.1.3 (build i6) ****************
** Command: kcg613.exe -config C:/Users/Pierre Mattei/Documents/Aeropace Engineering/Doutorado/disciplinas/2014/Cunha/projeto/2sdSprint/TS02/UserApplication/Simulation/config.txt
** Generation date: 2014-09-29T18:26:23
*************************************************************$
$*************** KCG Version 6.1.3 (build i6) ****************
** Command: s2c613 -config C:/Users/Pierre Mattei/Documents/Aeropace Engineering/Doutorado/disciplinas/2014/Cunha/projeto/2sdSprint/TS02/UserApplication/Simulation\kcg_s2c_config.txt
** Generation date: 2014-09-29T18:26:23
*************************************************************$
*** Semantic Warning (WAR_508): Unused input
  at file C:/Users/Pierre Mattei/Documents/Aeropace Engineering/Doutorado/disciplinas/2014/Cunha/projeto/2sdSprint/TS02/UserApplication/Simulation/scade_model_without_unused.scade, line 1496, character 0
  at path OperationalScenario/OpPhases:Launch:AtAcquisition/
 The local variable AtAcquisition is never used
*** Semantic Warning (WAR_508): Unused input
  at file C:/Users/Pierre Mattei/Documents/Aeropace Engineering/Doutorado/disciplinas/2014/Cunha/projeto/2sdSprint/TS02/UserApplication/Simulation/scade_model_without_unused.scade, line 498, character 0
  at path OperationalScenario/Telemetry/
 The input variable Telemetry is never used
*** Semantic Warning (WAR_508): Unused input
  at file C:/Users/Pierre Mattei/Documents/Aeropace Engineering/Doutorado/disciplinas/2014/Cunha/projeto/2sdSprint/TS02/UserApplication/Simulation/scade_model_without_unused.scade, line 502, character 0
  at path OperationalScenario/AttitudeReference/
 The input variable AttitudeReference is never used
*** Semantic Warning (WAR_508): Unused input
  at file C:/Users/Pierre Mattei/Documents/Aeropace Engineering/Doutorado/disciplinas/2014/Cunha/projeto/2sdSprint/TS02/UserApplication/Simulation/scade_model_without_unused.scade, line 510, character 0
  at path OperationalScenario/picLocation/
 The input variable picLocation is never used
*** Semantic Warning (WAR_151):  Internal state expected
  at file C:/Users/Pierre Mattei/Documents/Aeropace Engineering/Doutorado/disciplinas/2014/Cunha/projeto/2sdSprint/TS02/UserApplication/Simulation/scade_model_without_unused.scade, line 4376, character 0
  at path controlAlgorithm/
 Node controlAlgorithm has no internal state
 (it should probably be declared as a function)
5 warnings were found
$*************** KCG Version 6.1.3 (build i6) ****************
** s2c.log
** Generation date: 2014-09-29T18:26:24
*************************************************************$
$*************** KCG Version 6.1.3 (build i6) ****************
** C:/Users/Pierre Mattei/Documents/Aeropace Engineering/Doutorado/disciplinas/2014/Cunha/projeto/2sdSprint/TS02/UserApplication/Simulation\kcg.log
** Generation date: 2014-09-29T18:26:24
*************************************************************$
