gcc -I"." -I"D:\Programas\SCADE\SCADE\." -I"..\..\..\..\..\..\..\Programas\SCADE\SCADE\include" -I"..\..\..\..\..\..\..\Programas\SCADE\SCADE\libraries\libmathext" -O2 -pedantic -DBUILD_DLL -DEXTENDED_SIM -DSIM -DWIN32 -D_CONSOLE -D_MBCS -c "OperationalScenario_dll.c" -o "win32\OperationalScenario_dll.o"
gcc "win32\OperationalScenario_dll.o" "win32\SmuMainWindows.o" -lm -lwsock32 -o "OperationalScenario.exe" 
gcc -I"." -I"D:\Programas\SCADE\SCADE\." -I"..\..\..\..\..\..\..\Programas\SCADE\SCADE\include" -I"..\..\..\..\..\..\..\Programas\SCADE\SCADE\libraries\libmathext" -O2 -pedantic -DBUILD_DLL -DEXTENDED_SIM -DSIM -DWIN32 -D_CONSOLE -D_MBCS -c "OperationalScenario.c" -o "win32\OperationalScenario.o"	
ar -r OperationalScenario.a "win32\OperationalScenario.o"
gcc -I"." -I"D:\Programas\SCADE\SCADE\." -I"..\..\..\..\..\..\..\Programas\SCADE\SCADE\include" -I"..\..\..\..\..\..\..\Programas\SCADE\SCADE\libraries\libmathext" -O2 -pedantic -DBUILD_DLL -DEXTENDED_SIM -DSIM -DWIN32 -D_CONSOLE -D_MBCS -c "ModCount.c" -o "win32\ModCount.o"	
ar -r OperationalScenario.a "win32\ModCount.o"
gcc -I"." -I"D:\Programas\SCADE\SCADE\." -I"..\..\..\..\..\..\..\Programas\SCADE\SCADE\include" -I"..\..\..\..\..\..\..\Programas\SCADE\SCADE\libraries\libmathext" -O2 -pedantic -DBUILD_DLL -DEXTENDED_SIM -DSIM -DWIN32 -D_CONSOLE -D_MBCS -c "TestActuators.c" -o "win32\TestActuators.o"	
ar -r OperationalScenario.a "win32\TestActuators.o"
gcc -I"." -I"D:\Programas\SCADE\SCADE\." -I"..\..\..\..\..\..\..\Programas\SCADE\SCADE\include" -I"..\..\..\..\..\..\..\Programas\SCADE\SCADE\libraries\libmathext" -O2 -pedantic -DBUILD_DLL -DEXTENDED_SIM -DSIM -DWIN32 -D_CONSOLE -D_MBCS -c "ReadSensors.c" -o "win32\ReadSensors.o"	
ar -r OperationalScenario.a "win32\ReadSensors.o"
gcc -I"." -I"D:\Programas\SCADE\SCADE\." -I"..\..\..\..\..\..\..\Programas\SCADE\SCADE\include" -I"..\..\..\..\..\..\..\Programas\SCADE\SCADE\libraries\libmathext" -O2 -pedantic -DBUILD_DLL -DEXTENDED_SIM -DSIM -DWIN32 -D_CONSOLE -D_MBCS -c "kcg_types.c" -o "win32\kcg_types.o"	
ar -r OperationalScenario.a "win32\kcg_types.o"
gcc -I"." -I"D:\Programas\SCADE\SCADE\." -I"..\..\..\..\..\..\..\Programas\SCADE\SCADE\include" -I"..\..\..\..\..\..\..\Programas\SCADE\SCADE\libraries\libmathext" -O2 -pedantic -DBUILD_DLL -DEXTENDED_SIM -DSIM -DWIN32 -D_CONSOLE -D_MBCS -c "kcg_consts.c" -o "win32\kcg_consts.o"	
ar -r OperationalScenario.a "win32\kcg_consts.o"
gcc -I"." -I"D:\Programas\SCADE\SCADE\." -I"..\..\..\..\..\..\..\Programas\SCADE\SCADE\include" -I"..\..\..\..\..\..\..\Programas\SCADE\SCADE\libraries\libmathext" -O2 -pedantic -DBUILD_DLL -DEXTENDED_SIM -DSIM -DWIN32 -D_CONSOLE -D_MBCS -c "OperationalScenario_UA_1.c" -o "win32\OperationalScenario_UA_1.o"
gcc -I"." -I"D:\Programas\SCADE\SCADE\." -I"..\..\..\..\..\..\..\Programas\SCADE\SCADE\include" -I"..\..\..\..\..\..\..\Programas\SCADE\SCADE\libraries\libmathext" -O2 -pedantic -DBUILD_DLL -DEXTENDED_SIM -DSIM -DWIN32 -D_CONSOLE -D_MBCS -c "OperationalScenario_cosim.c" -o "win32\OperationalScenario_cosim.o"
gcc -I"." -I"D:\Programas\SCADE\SCADE\." -I"..\..\..\..\..\..\..\Programas\SCADE\SCADE\include" -I"..\..\..\..\..\..\..\Programas\SCADE\SCADE\libraries\libmathext" -O2 -pedantic -DBUILD_DLL -DEXTENDED_SIM -DSIM -DWIN32 -D_CONSOLE -D_MBCS -c "OperationalScenario_type.c" -o "win32\OperationalScenario_type.o"
gcc -I"." -I"D:\Programas\SCADE\SCADE\." -I"..\..\..\..\..\..\..\Programas\SCADE\SCADE\include" -I"..\..\..\..\..\..\..\Programas\SCADE\SCADE\libraries\libmathext" -O2 -pedantic -DBUILD_DLL -DEXTENDED_SIM -DSIM -DWIN32 -D_CONSOLE -D_MBCS -c "OperationalScenario_mapping.c" -o "win32\OperationalScenario_mapping.o"
gcc -I"." -I"D:\Programas\SCADE\SCADE\." -I"..\..\..\..\..\..\..\Programas\SCADE\SCADE\include" -I"..\..\..\..\..\..\..\Programas\SCADE\SCADE\libraries\libmathext" -O2 -pedantic -DBUILD_DLL -DEXTENDED_SIM -DSIM -DWIN32 -D_CONSOLE -D_MBCS -c "OperationalScenario_interface.c" -o "win32\OperationalScenario_interface.o"
dllwrap --driver-name=gcc  "win32\OperationalScenario_UA_1.o" "win32\A661Cosim.o" "win32\OperationalScenario_cosim.o" "win32\OperationalScenario_type.o" "win32\OperationalScenario_mapping.o" "win32\OperationalScenario_interface.o" "win32\SmuProxy.o" "OperationalScenario.a" --def "SmuExport.def" -lm -lwsock32 --dllname "OperationalScenario.dll" 
