$**************  SCADETOC Version 6.4.2 (build i26) **************
** Generation date: 2014-11-22T23:57:51
** Command: scade -code "C:\Users\Projeto SPOT\git\si-lansab\Satellite\TS02\UserApplication\missionPhases.etp" -node OperationalScenario -conf Simulation -build
*************************************************************$
*** Generated Files Information (GENFIL): KCG- Generated files
 ~kcg.log
  at file C:\Users\Projeto SPOT\git\si-lansab\Satellite\TS02\UserApplication\Simulation\kcg.log, line 0, character 0
 ~kcg_s2c_config.txt
  at file C:\Users\Projeto SPOT\git\si-lansab\Satellite\TS02\UserApplication\Simulation\kcg_s2c_config.txt, line 0, character 0
 ~kcg_trace.xml
  at file C:\Users\Projeto SPOT\git\si-lansab\Satellite\TS02\UserApplication\Simulation\kcg_trace.xml, line 0, character 0
 ~kcg_metrics.txt
  at file C:\Users\Projeto SPOT\git\si-lansab\Satellite\TS02\UserApplication\Simulation\kcg_metrics.txt, line 0, character 0
 ~OperationalScenario.c
  at file C:\Users\Projeto SPOT\git\si-lansab\Satellite\TS02\UserApplication\Simulation\OperationalScenario.c, line 0, character 0
 ~OperationalScenario.h
  at file C:\Users\Projeto SPOT\git\si-lansab\Satellite\TS02\UserApplication\Simulation\OperationalScenario.h, line 0, character 0
 ~kcg_types.h
  at file C:\Users\Projeto SPOT\git\si-lansab\Satellite\TS02\UserApplication\Simulation\kcg_types.h, line 0, character 0
 ~kcg_consts.h
  at file C:\Users\Projeto SPOT\git\si-lansab\Satellite\TS02\UserApplication\Simulation\kcg_consts.h, line 0, character 0
 ~kcg_sensors.h
  at file C:\Users\Projeto SPOT\git\si-lansab\Satellite\TS02\UserApplication\Simulation\kcg_sensors.h, line 0, character 0
 ~kcg_types.c
  at file C:\Users\Projeto SPOT\git\si-lansab\Satellite\TS02\UserApplication\Simulation\kcg_types.c, line 0, character 0
 ~kcg_consts.c
  at file C:\Users\Projeto SPOT\git\si-lansab\Satellite\TS02\UserApplication\Simulation\kcg_consts.c, line 0, character 0
*** Generated Files Information (GENFIL): Simulator Generated files
 ~OperationalScenario_UA_1.c
  at file C:\Users\Projeto SPOT\git\si-lansab\Satellite\TS02\UserApplication\Simulation\OperationalScenario_UA_1.c, line 0, character 0
 ~OperationalScenario_UA_1.h
  at file C:\Users\Projeto SPOT\git\si-lansab\Satellite\TS02\UserApplication\Simulation\OperationalScenario_UA_1.h, line 0, character 0
 ~OperationalScenario_cosim.c
  at file C:\Users\Projeto SPOT\git\si-lansab\Satellite\TS02\UserApplication\Simulation\OperationalScenario_cosim.c, line 0, character 0
 ~OperationalScenario_type.h
  at file C:\Users\Projeto SPOT\git\si-lansab\Satellite\TS02\UserApplication\Simulation\OperationalScenario_type.h, line 0, character 0
 ~OperationalScenario_type.c
  at file C:\Users\Projeto SPOT\git\si-lansab\Satellite\TS02\UserApplication\Simulation\OperationalScenario_type.c, line 0, character 0
 ~OperationalScenario_mapping.h
  at file C:\Users\Projeto SPOT\git\si-lansab\Satellite\TS02\UserApplication\Simulation\OperationalScenario_mapping.h, line 0, character 0
 ~OperationalScenario_mapping.c
  at file C:\Users\Projeto SPOT\git\si-lansab\Satellite\TS02\UserApplication\Simulation\OperationalScenario_mapping.c, line 0, character 0
 ~OperationalScenario_interface.h
  at file C:\Users\Projeto SPOT\git\si-lansab\Satellite\TS02\UserApplication\Simulation\OperationalScenario_interface.h, line 0, character 0
 ~OperationalScenario_interface.c
  at file C:\Users\Projeto SPOT\git\si-lansab\Satellite\TS02\UserApplication\Simulation\OperationalScenario_interface.c, line 0, character 0
 ~OperationalScenario_dll.c
  at file C:\Users\Projeto SPOT\git\si-lansab\Satellite\TS02\UserApplication\Simulation\OperationalScenario_dll.c, line 0, character 0
*** Generated Files Information (GENFIL): Type Utils Generated files
 ~missionPhases_newtype.h
  at file C:\Users\Projeto SPOT\git\si-lansab\Satellite\TS02\UserApplication\Simulation\missionPhases_newtype.h, line 0, character 0
 ~missionPhases_newtype.c
  at file C:\Users\Projeto SPOT\git\si-lansab\Satellite\TS02\UserApplication\Simulation\missionPhases_newtype.c, line 0, character 0
*** Generated Files Information (GENFIL): Mapping Utils Generated files
 ~missionPhases_newmapping.h
  at file C:\Users\Projeto SPOT\git\si-lansab\Satellite\TS02\UserApplication\Simulation\missionPhases_newmapping.h, line 0, character 0
 ~missionPhases_newmapping.c
  at file C:\Users\Projeto SPOT\git\si-lansab\Satellite\TS02\UserApplication\Simulation\missionPhases_newmapping.c, line 0, character 0
*** Generated Files Information (GENFIL): Build Generated files
 ~Makefile
  at file C:\Users\Projeto SPOT\git\si-lansab\Satellite\TS02\UserApplication\Simulation\Makefile, line 0, character 0
 ~OperationalScenario.dll
  at file C:\Users\Projeto SPOT\git\si-lansab\Satellite\TS02\UserApplication\Simulation\OperationalScenario.dll, line 0, character 0
 ~OperationalScenario.exe
  at file C:\Users\Projeto SPOT\git\si-lansab\Satellite\TS02\UserApplication\Simulation\OperationalScenario.exe, line 0, character 0
*** Generated Files Information (GENFIL): Code Generator Generated files
 ~sc2c.log
  at file C:\Users\Projeto SPOT\git\si-lansab\Satellite\TS02\UserApplication\Simulation\sc2c.log, line 0, character 0
 ~sc2c_integration_files.txt
  at file C:\Users\Projeto SPOT\git\si-lansab\Satellite\TS02\UserApplication\Simulation\sc2c_integration_files.txt, line 0, character 0
$**************  SCADETOC Version 6.4.2 (build i26) **************
** Generation date: 2014-11-22T23:58:09
** sc2c.log
*************************************************************$
